0.52 0.018310546875
0.6 0.018310546875
0.68 9.33321439303
0.76 7.06420898438
0.78 10.1135253906
0.8 2.98055013021
0.86 7.08374023438
0.88 9.84536447833
0.9 5.79528808594
0.94 4.31518554688
0.96 11.533610026
0.98 10.8046008695
1.0 4.05069986979
1.02 4.00594075521
1.04 9.73626999628
1.06 8.47030147429
1.08 9.53979492188
1.1 4.16582892923
1.12 3.67598100142
1.14 9.97767294607
1.16 9.23217773438
1.18 3.87573242188
1.2 4.98250325521
1.22 7.32064082705
1.24 11.2545237822
1.26 7.05213044819
1.28 7.25402832031
1.3 8.36791992188
1.32 11.7485495175
1.34 8.56179630055
1.36 5.80932617188
1.38 9.21752929688
1.4 7.94067382812
1.42 9.88403320312
1.44 8.40861002604
1.46 9.23180213341
1.48 11.2263997396
1.5 9.4687721946
1.52 9.05151367188
1.54 8.75268554688
1.56 10.2559407552
1.58 8.14597389915
1.6 7.00988769531
1.62 7.91515003551
1.64 8.94054066051
1.66 8.34350585938
1.68 8.2447881284
1.7 8.04239908854
1.72 11.9709215666
1.74 10.0964355469
1.76 9.12711851058
1.78 7.65672766644
1.8 2.89219447545
1.82 11.0497107873
1.84 7.44995117188
1.86 8.5213797433
1.88 7.91515003551
1.9 9.03877590014
1.92 10.8847878196
1.94 11.0713704427
1.96 9.27867060122
1.98 8.27297634549
2.0 9.50905128762
2.02 8.38470458984
2.04 5.01273018973
2.06 2.91748046875
2.08 8.14276801215
2.1 9.58722795759
2.12 8.2480690696
2.14 11.8981933594
2.16 9.47283063616
2.18 9.48151619204
2.2 12.0178222656
2.22 10.0904676649
2.24 11.8103027344
2.26 10.588660607
2.3 6.88508686266
2.32 8.00913935122
2.34 4.12875088778
2.36 5.38940429688
2.38 8.41430664062
2.4 5.1653693704
2.42 10.0280761719
2.44 8.83035098805
2.46 10.1820725661
2.48 10.2111816406
2.5 11.8933105469
2.52 9.92431640625
2.54 8.75291090745
2.56 6.37171128217
2.6 7.71317915483
2.62 8.00277046535
2.64 7.58923982319
2.66 4.71707857572
2.68 7.45239257812
2.7 9.81287073206
2.72 11.6394042969
2.74 7.98757452714
2.76 6.14013671875
2.78 10.6271597055
2.8 11.6821289062
2.82 8.09492631392
2.84 2.82592773438
2.86 8.28716571514
2.88 11.6755732784
2.9 10.3184055638
2.92 5.20160381611
2.94 8.05992713341
2.96 10.2340034817
2.98 9.71527099609
3.0 7.37426757812
3.02 7.30183919271
3.04 7.86336263021
3.06 11.9746907552
3.08 10.8093261719
3.1 6.64367675781
3.12 7.88538315717
3.14 10.8581542969
3.16 10.0920177641
3.18 7.25301106771
3.2 4.79015003551
3.22 7.78198242188
3.24 11.6086606626
3.26 10.8318622296
3.28 7.44750976562
3.3 8.23841924253
3.32 10.7315063477
3.34 10.8166503906
3.36 10.1301713423
3.38 8.44018554688
3.4 3.95385742188
3.42 10.0817871094
3.44 9.97924804688
3.46 6.28629985609
3.48 6.86195775082
3.5 10.4203849003
3.52 11.0263400608
3.54 9.69293767756
3.56 7.24487304688
3.58 10.0524902344
3.6 11.9753417969
3.62 9.35034179688
3.64 4.41284179688
3.66 4.97087751116
3.68 11.1637238533
3.7 10.2647047776
3.72 6.50939941406
3.74 7.17163085938
3.76 11.0769042969
3.78 11.8085588728
3.8 10.7585449219
3.82 6.58675484035
3.84 9.83276367188
3.86 10.3078988882
3.88 9.16748046875
3.9 5.67321777344
3.92 7.42532481318
3.94 11.0251978824
3.96 10.7956542969
3.98 8.74055561266
4.0 7.46663411458
4.02 10.6262207031
4.04 10.4309082031
4.06 9.44965069111
4.08 4.53491210938
4.1 6.78914388021
4.12 10.0458318537
4.14 8.23919122869
4.16 4.62849934896
4.18 8.74285016741
4.2 11.3315748132
4.22 11.9248610276
4.24 8.63996233259
4.26 8.40454101562
4.28 10.0716727121
4.3 10.5742277922
4.32 6.94676449424
4.34 5.64880371094
4.36 9.35235792591
4.38 11.8672688802
4.4 9.75764347957
4.42 8.01217215402
4.44 8.67435849946
4.46 11.6551553049
4.48 9.75138346354
4.5 5.13023963341
4.52 5.56301540799
4.54 9.90994361139
4.56 10.363504161
4.58 8.35978190104
4.6 7.84941173735
4.62 10.9276404748
4.64 11.1511230469
4.66 11.4662863991
4.68 6.72318307977
4.7 4.39508611506
4.72 8.30594576322
4.74 9.06212848166
4.76 6.99629350142
4.78 6.11097547743
4.8 8.76087007068
4.82 10.6647198017
4.84 11.0575358073
4.86 9.81087520205
4.88 7.8818581321
4.9 5.70794968378
4.92 9.8395453559
4.94 6.15234375
4.96 4.91739908854
4.98 7.57202148438
5.0 10.5857447574
5.02 9.20190429688
5.04 8.28724736753
5.06 6.44108698918
5.08 8.55759840745
5.1 10.905456543
5.14 6.45664760045
5.16 5.4192437066
5.18 7.24487304688
5.2 10.829671224
5.22 8.02221679688
5.24 4.67917702415
5.26 11.3846488621
5.28 10.6175864615
5.3 8.2028343564
5.32 3.25927734375
5.34 7.76163736979
5.36 11.8788196195
5.38 11.2872499408
5.4 4.86043294271
5.42 10.4808460582
5.44 9.98175205329
5.46 9.58418412642
5.5 9.13391113281
5.52 5.16404371995
5.54 6.62173316592
5.56 7.92846679688
5.58 8.43740609976
5.6 9.94995117188
5.62 10.0891113281
5.64 10.7918875558
5.66 10.3096516927
5.68 9.67518199574
5.7 9.04760742188
5.72 4.97029622396
5.74 5.85327148438
5.76 6.01021902902
5.78 8.25484426398
5.8 8.59932277514
5.82 9.78858584449
5.84 10.0300292969
5.86 11.001271215
5.88 10.8025912581
5.9 8.00170898438
5.92 5.71344549006
5.94 6.32350755774
5.96 8.04530552455
5.98 6.88951280382
6.0 6.16870117188
6.02 9.75952148438
6.04 9.5868145978
6.06 10.5030406605
6.08 8.85864257812
6.1 7.20178940717
6.12 9.57641601562
6.14 6.73935834099
6.16 5.9579031808
6.18 8.80905677532
6.2 9.86844576322
6.22 8.58081054688
6.24 6.08601888021
6.26 11.7417108445
6.28 10.0769042969
6.3 9.21718052455
6.32 11.8509928385
6.34 9.09023942619
6.36 8.04098378057
6.38 7.24487304688
6.4 6.80541992188
6.42 10.3628976004
6.44 9.21427408854
6.46 9.40551757812
6.48 8.50877028245
6.5 8.63647460938
6.52 9.06616210938
6.54 4.41870117188
6.56 5.70515950521
6.58 4.21020507812
6.6 5.4436577691
6.62 9.06372070312
6.64 8.25227436266
6.66 8.14935593378
6.68 8.62110279225
6.7 11.2371535528
6.72 10.1004764952
6.74 11.3342285156
6.76 4.56665039062
6.78 7.96580595129
6.8 7.94555664062
6.82 6.86551607572
6.84 7.26114908854
6.86 7.82567074424
6.88 11.6851806641
6.9 9.73782009549
6.92 7.62778834293
6.94 8.03943980824
6.96 7.83081054688
6.98 10.9479980469
7.0 10.3280203683
7.02 6.76124209449
7.04 6.25820817619
7.06 11.0661259404
7.08 5.68888346354
7.1 3.45371791295
7.12 6.02591378348
7.14 10.9402743253
7.16 8.95761343149
7.18 8.09692382812
7.2 10.9332744892
7.22 11.3851613012
7.24 10.7979329427
7.26 9.93245442708
7.28 7.12665758635
7.3 5.38274591619
7.32 5.3215874566
7.34 5.33682016226
7.36 9.09057617188
7.38 9.35121733567
7.4 7.84790039062
7.42 9.72873853601
7.44 10.8947753906
7.46 10.3524344308
7.48 8.93402099609
7.5 7.53551664807
7.52 5.07202148438
7.54 9.38110351562
7.56 10.0728352865
7.58 8.96606445312
7.6 7.44018554688
7.62 8.96832501447
7.64 11.8965657552
7.66 11.5481169327
7.68 7.66657049006
7.7 8.51228133492
7.72 11.0159067007
7.74 8.89916992188
7.76 6.1279296875
7.78 5.60302734375
7.8 10.2111816406
7.82 10.6535412016
7.84 8.88745117188
7.86 6.66921515214
7.88 10.1952185998
7.9 11.3717538339
7.92 11.0416806977
7.94 7.49929327714
7.96 4.75870768229
7.98 9.72290039062
8.0 11.2019042969
8.02 8.90991210938
8.04 7.41228376116
8.06 9.42818777902
8.08 11.5183105469
8.1 11.514078776
8.12 9.30231267756
8.14 8.57597019361
8.16 9.21362304688
8.18 8.6422874814
8.2 5.62703450521
8.22 4.73210261418
8.24 10.3430963332
8.26 8.24584960938
8.28 8.54325727983
8.3 8.39618883635
8.32 10.1354980469
8.34 11.0377157888
8.36 8.76279084579
8.38 8.89779550058
8.4 9.50786884014
8.42 9.62259043818
8.44 5.89396158854
8.46 5.14177594866
8.48 8.71546128217
8.5 9.16381835938
8.52 11.1044178838
8.54 5.70190429688
8.56 10.2941052667
8.58 12.0363981827
8.6 10.5036982784
8.62 10.068412449
8.64 7.04204852764
8.66 9.45841471354
8.68 5.99444845448
8.7 5.24291992188
8.72 8.38159179688
8.74 8.9840843564
8.76 10.605875651
8.78 9.47398310122
8.8 7.93512517756
8.82 11.4672209087
8.84 9.89990234375
8.86 8.85271344866
8.88 3.45798068576
8.9 4.26635742188
8.92 9.59043149595
8.94 10.3861490885
8.96 3.44754732572
8.98 8.53138799253
9.0 11.5311332371
9.02 10.8108520508
9.04 7.11059570312
9.06 5.94529371995
9.08 10.7668669327
9.1 10.885281033
9.12 8.98545209099
9.14 7.9795143821
9.16 0.848388671875
9.18 7.9795143821
9.2 9.93337920218
9.22 6.57958984375
9.24 5.25594075521
9.26 9.5703125
9.28 11.5284312855
9.3 10.7041579026
9.32 8.10241699219
9.34 7.10071382068
9.36 6.86442057292
9.38 9.50223482572
9.4 6.1274601863
9.42 3.51891150841
9.44 6.38224283854
9.46 10.2336682771
9.48 7.35066731771
9.5 11.8408203125
9.52 9.12963867188
9.54 6.85034179688
9.56 6.73217773438
9.58 8.85445731027
9.6 7.09838867188
9.62 8.55916341146
9.64 6.55266256893
9.66 8.5377568784
9.68 7.99926757812
9.7 7.91736949574
9.72 11.6341727121
9.74 11.5387887666
9.76 11.2227376302
9.78 10.3881835938
9.8 6.90502929688
9.82 8.2277359501
9.84 3.71297200521
9.86 5.04435221354
9.88 8.62520658053
9.9 7.3486328125
9.92 8.90290633492
9.94 10.8315207741
9.96 9.33188161542
9.98 9.65423583984
10.0 8.68530273438
10.02 9.14916992188
10.04 7.93863932292
10.06 9.22097598805
10.08 6.01765950521
10.1 6.38732910156
10.12 4.61629231771
10.14 9.08406575521
10.16 10.4566786024
10.18 9.75545247396
10.2 9.49329194568
10.22 9.27298409598
10.24 11.191073331
10.26 8.85620117188
10.28 0.604248046875
10.3 7.91572902514
10.32 10.0958055066
10.34 9.86827503551
10.36 7.58001154119
10.38 7.56354081003
10.4 10.3227887835
10.42 11.5821575296
10.44 8.30847698709
10.46 5.92302594866
10.48 9.50854492188
10.5 9.97137254284
10.52 7.55004882812
10.54 4.70581054688
10.56 10.1082938058
10.58 9.37647326239
10.6 9.14695046165
10.62 7.45878673735
10.64 7.65502929688
10.66 10.7820398667
10.68 11.4664713542
10.7 10.1745605469
10.72 7.35023900082
10.74 7.92846679688
10.76 10.4750413161
10.78 5.1034109933
10.8 4.26635742188
10.82 7.6264558015
10.84 10.0769042969
10.86 8.25115701427
10.88 6.84653834293
10.9 4.79595477764
10.92 11.924235026
10.94 9.10876043912
10.96 7.861328125
10.98 7.27571186266
11.0 8.9111328125
11.02 9.12824358259
11.04 5.1753117488
11.06 7.30885472791
11.08 9.32135331003
11.1 11.6496839021
11.12 10.3491210938
11.14 6.99530707465
11.16 7.28454589844
11.18 8.61206054688
11.2 11.5956273572
11.22 8.87247721354
11.24 5.05493164062
11.26 9.34448242188
11.28 11.8225097656
11.3 10.7170952691
11.32 7.82690429688
11.34 5.0254128196
11.36 9.91363525391
11.38 8.61694335938
11.4 7.52807617188
11.42 4.54576280382
11.44 11.771937779
11.46 10.3230794271
11.48 8.47045898438
11.5 7.69827706473
11.52 9.45581054688
11.54 10.9033655237
11.56 10.8764648438
11.58 7.96334402902
11.6 6.7343971946
11.62 8.90706380208
11.64 9.09812233665
11.66 8.97245861235
11.68 9.33053152902
11.7 10.0252039292
11.72 11.0647348257
11.74 10.9749172045
11.76 8.43534923735
11.78 6.7131890191
11.8 8.91587999132
11.82 9.44213867188
11.84 8.67797851562
11.86 4.22196821733
11.88 9.20661477482
11.9 11.5672235904
11.92 10.7535226004
11.94 9.88733628217
11.96 7.18441917783
11.98 9.80083759014
12.0 11.3126314603
12.02 5.89544122869
12.04 4.66272690717
12.06 8.08308919271
12.08 10.8075823103
12.1 9.48533278245
12.12 8.77807617188
12.14 7.72041652514
12.16 11.0357111151
12.18 10.2924215383
12.2 7.06392176011
12.22 5.50101143973
12.24 11.3464355469
12.26 9.46942497702
12.28 7.78198242188
12.3 7.82104492188
12.32 8.17057291667
12.34 11.8916829427
12.36 9.66944201239
12.38 7.74869051847
12.4 9.30825510333
12.42 8.21601019965
12.44 11.9622124566
12.46 9.07780573918
12.48 8.64693777902
12.5 4.10359700521
12.52 10.0409256785
12.54 7.10229492188
12.56 6.0542179988
12.58 6.99063005119
12.6 9.18823242188
12.62 7.40698242188
12.64 9.91617838542
12.66 8.79986102764
12.68 11.0046386719
12.7 11.7725719105
12.72 9.03299265894
12.74 7.56316008391
12.76 1.63940429688
12.78 6.33748372396
12.8 8.0346148947
12.82 7.69974557977
12.84 7.19875759549
12.86 9.68085394965
12.88 11.572265625
12.9 10.702219317
12.92 8.44319661458
12.94 7.77349057405
12.96 9.24333844866
12.98 7.70581054688
13.0 4.08436168324
13.02 5.72143554688
13.04 9.11661783854
13.06 9.57234700521
13.08 7.45080035666
13.1 7.32160295759
13.12 10.0752766927
13.14 11.0252967248
13.16 10.3210449219
13.18 9.42438299006
13.2 7.41156216325
13.22 7.11380807977
13.24 4.45760091146
13.26 6.16621537642
13.28 9.16544596354
13.3 8.13734266493
13.32 9.10034179688
13.34 10.7301909348
13.36 11.6225022536
13.38 11.28468233
13.4 7.77336569393
13.42 4.28855202415
13.44 8.60424804688
13.46 10.5752879176
13.48 6.640625
13.5 5.37666652514
13.52 9.16625976562
13.54 11.8502530185
13.56 10.2111816406
13.58 7.74943033854
13.6 7.73559570312
13.62 8.21533203125
13.64 11.8665612262
13.66 8.69844876803
13.68 5.81583658854
13.7 6.49808995864
13.72 10.5140863463
13.74 6.99786017923
13.76 3.80027077415
13.78 7.82656462296
13.8 12.0300292969
13.82 11.244594029
13.84 2.89219447545
13.86 5.13377470129
13.88 9.89707388529
13.9 10.1054866139
13.92 11.7614746094
13.94 8.7393624442
13.96 0.018310546875
13.98 4.06043011209
14.0 7.43352716619
14.02 7.12922748766
14.04 5.30918666295
14.06 6.57523018973
14.08 8.58213363155
14.1 9.31045069839
14.12 7.43761564556
14.14 11.4092145647
14.16 10.4656867261
14.2 5.12433733259
14.22 3.27026367188
14.24 6.96062360491
14.26 7.46459960938
14.28 6.93467084099
14.3 3.70971679688
14.32 7.23821466619
14.34 11.9714355469
14.36 9.77337811444
14.4 7.82193270597
14.42 7.65991210938
14.44 9.87407977764
14.46 7.88220857319
14.48 7.65258789062
14.5 7.47192382812
14.52 10.6604003906
14.54 9.53107561384
14.56 10.8535766602
14.58 4.66449444111
14.6 6.73828125
14.62 10.2917480469
14.64 9.76541453394
14.66 8.10654584099
14.68 6.29621233259
14.7 10.4910391348
14.72 9.91932262074
14.74 9.38313802083
14.76 9.45275348166
14.78 9.63582356771
14.8 9.18172200521
14.82 7.65273150276
14.84 5.40893554688
14.86 7.39379882812
14.88 10.9006820186
14.9 9.11196754092
14.92 9.28233753551
14.94 9.68627929688
14.96 9.64106807002
14.98 10.7779366629
15.0 8.53138799253
15.02 6.14379882812
15.04 7.89449940557
15.06 10.9161376953
15.08 8.65664274796
15.1 8.35238370028
15.12 8.3733452691
15.14 9.23461914062
15.16 10.2761230469
15.18 9.53791691707
15.2 9.62117513021
15.22 8.88875325521
15.24 9.37093098958
15.26 6.61987304688
15.28 6.45141601562
15.3 8.64868164062
15.32 9.228515625
15.34 9.29565429688
15.36 7.80958092731
15.38 9.77221679688
15.4 11.0440767728
15.42 10.5290165654
15.44 6.30227793818
15.46 6.27761114211
15.48 7.22045898438
15.5 9.60348378057
15.52 8.52370489211
15.54 7.82470703125
15.56 9.34099469866
15.58 10.6103967737
15.6 9.3645881204
15.62 8.39233398438
15.64 10.0830078125
15.66 11.0181084995
15.68 8.26138583097
15.7 6.31171332465
15.72 7.46111188616
15.74 9.75764347957
15.76 9.02044122869
15.78 7.35280890214
15.8 9.28263346354
15.82 11.0073513455
15.84 11.2089934172
15.86 9.66852361506
15.88 7.36423068576
15.9 9.01440429688
15.92 6.59484863281
15.94 6.69613792783
15.96 6.65468962296
15.98 8.53068033854
16.0 8.19326547476
16.02 9.59269205729
16.04 9.95107797476
16.06 10.6276855469
16.08 10.4693377459
16.1 9.50974684495
16.12 8.03943980824
16.14 7.19799804688
16.16 5.48131606158
16.18 6.25915527344
16.2 8.33411583534
16.22 9.70403497869
16.24 9.46433327415
16.26 8.63996233259
16.28 10.4313603154
16.3 11.3632202148
16.32 8.93899668818
16.34 6.44049393503
16.36 7.27277483259
16.38 8.85176225142
16.4 9.02257848669
16.42 6.82712131076
16.44 7.09838867188
16.46 11.4371163504
16.48 11.0220772879
16.5 11.3133021763
16.52 8.96700345553
16.54 7.76028103299
16.56 7.10987764246
16.58 6.55314127604
16.6 7.88370768229
16.62 7.90405273438
16.64 9.48874733665
16.66 8.25631277902
16.68 8.8921797903
16.7 10.6872558594
16.72 10.8545373987
16.74 10.5733235677
16.76 9.11865234375
16.78 5.14526367188
16.8 8.51628230168
16.82 10.3379469651
16.84 6.70776367188
16.86 5.16619001116
16.88 5.41033063616
16.9 9.63582356771
16.92 10.9764685998
16.94 8.61206054688
16.96 7.81382685122
16.98 10.6709798177
17.0 10.7415968372
17.02 8.6190359933
17.04 6.46362304688
17.06 5.53588867188
17.08 10.5558849516
17.1 9.72371419271
17.12 8.59208540483
17.14 6.79117838542
17.16 10.8110700335
17.18 9.98657226562
17.2 10.1858285757
17.22 9.54404084579
17.24 7.75854492188
17.26 8.06909179688
17.28 8.22143554688
17.3 7.60103113511
17.32 8.41674804688
17.34 8.43031141493
17.36 10.1553780692
17.38 9.46539015997
17.4 9.36995796535
17.42 9.60309063947
17.44 8.51091657366
17.46 7.91284179688
17.48 5.29523577009
17.5 6.48193359375
17.52 10.1635348412
17.54 10.1774327895
17.56 8.41674804688
17.58 10.6070382254
17.6 10.1257324219
17.62 10.4407525832
17.64 8.86637369792
17.66 6.26831054688
17.68 7.52563476562
17.7 9.55264442845
17.72 7.73740022079
17.74 8.11741041101
17.76 8.35093622622
17.78 9.39156668527
17.8 7.97729492188
17.82 10.6695001776
17.84 10.3716169085
17.86 8.73315429688
17.88 8.93627929688
17.9 8.18370472301
17.92 8.77653423109
17.94 7.2750999814
17.96 8.39029947917
17.98 10.2179633247
18.0 8.75280043658
18.02 9.66088867188
18.04 9.41029424253
18.06 10.1510507089
18.08 9.62806114784
18.1 7.59728473166
18.12 6.73315429688
18.14 5.92922634549
18.16 8.4677956321
18.18 8.63737883391
18.2 9.44657759233
18.22 9.52647816051
18.24 9.86350730613
18.26 9.93041992188
18.28 9.05541992188
18.3 7.60803222656
18.32 7.16959635417
18.34 7.7565068784
18.36 6.17065429688
18.38 7.63549804688
18.4 8.70971679688
18.42 9.43364682405
18.44 9.65520685369
18.46 9.50113932292
18.48 6.64578951322
18.5 7.19604492188
18.52 5.92439070992
18.54 4.19977361506
18.56 6.00361071135
18.58 9.80613014915
18.6 9.32749872622
18.62 7.9833984375
18.64 9.20971679688
18.66 11.0575358073
18.68 10.5769042969
18.7 10.6207485857
18.72 5.30802408854
18.74 4.02709960938
18.76 9.29927119502
18.78 8.58542702415
18.8 8.154296875
