0.6 80.0
0.68 80
0.76 80
0.78 100.0
0.8 130.973
0.84 85.0014
0.86 83.1176470588
0.88 102.103263158
0.9 120.813470588
0.94 86.0050416667
0.96 99.002
0.98 101.648
1.0 97.5514444444
1.02 81.985
1.04 86.5800416667
1.06 101.174958333
1.08 100.598705882
1.1 100.99995
1.12 90.99625
1.14 100.995916667
1.16 121.384787879
1.18 110.587884615
1.2 89.6122
1.22 90.997
1.24 101.417115385
1.26 100.994666667
1.28 99.6929411765
1.3 91.5302307692
1.32 99.995
1.34 101.848685714
1.36 100.002
1.38 91.6728709677
1.4 98.0946
1.42 99.2649565217
1.44 98.454
1.46 90.3419230769
1.48 91.8211764706
1.5 96.0075652174
1.52 95.7735416667
1.54 94.0029130435
1.56 97.615375
1.58 99.131125
1.6 97.4144736842
1.62 100.376666667
1.64 106.008
1.66 99.8204285714
1.68 97.4713913043
1.7 91.6
1.72 89.9918333333
1.74 92.6598181818
1.76 95.0012592593
1.78 101.989
1.8 101.021
1.82 109.973
1.84 102.832371429
1.86 103.007956522
1.88 100.42473913
1.9 90.62975
1.92 90.8630666667
1.94 97.997
1.96 92.0164347826
1.98 91.617
2.0 100.008772727
2.02 106.198277778
2.04 111.01
2.06 100.118176471
2.08 101.986
2.1 101.914194444
2.12 102.982
2.14 90.9877272727
2.16 92.02
2.18 91.9762083333
2.2 92.9069090909
2.22 101.67521875
2.24 80.993
2.26 101.97
2.3 111.014
2.32 122.004
2.34 120.986
2.36 106.123458333
2.38 110.5965
2.4 99.4470555556
2.42 91.5176666667
2.44 81.9979166667
2.46 85.1345714286
2.48 100.008
2.5 82.98175
2.52 100.880083333
2.54 102.45415625
2.56 111.02
2.58 101.994
2.6 110.021
2.62 103.298833333
2.64 120.987958333
2.66 111.812913043
2.68 84.9035
2.7 82.8007333333
2.72 99.995
2.74 100.002
2.76 91.988
2.78 91.7441052632
2.8 101.007538462
2.82 109.48256
2.84 100.116
2.86 91.4739259259
2.88 91.9865714286
2.9 103.995766667
2.92 102.423894737
2.94 87.2338235294
2.96 88.7725555556
2.98 99.28068
3.0 103.860333333
3.02 114.009
3.04 92.9854193548
3.06 89.993
3.08 102.267419355
3.1 101.79605
3.12 89.0014
3.14 90.9865833333
3.16 103.976
3.18 111.00592
3.2 95.2462380952
3.22 91.6406
3.24 100.95105
3.26 102.699214286
3.28 97.0126086957
3.3 91.348
3.32 93.282875
3.34 91.3983529412
3.36 100.011944444
3.38 98.9996666667
3.4 93.9953333333
3.42 96.2801071429
3.44 101.35768
3.46 99.2190434783
3.48 98.990875
3.5 94.011
3.52 94.6725
3.54 99.031
3.56 92.8752941176
3.58 91.0088148148
3.6 91.4754210526
3.62 103.550791667
3.64 104.751380952
3.66 99.6257619048
3.68 101.960060606
3.7 102.993
3.72 98.7017777778
3.74 94.149
3.76 87.037952381
3.78 94.54815
3.8 96.4852608696
3.82 92.2586086957
3.84 94.2357647059
3.86 97.56528
3.88 102.126153846
3.9 105.13026087
3.92 100.708766667
3.94 96.0659
3.96 99.994
3.98 95.9915
4.0 95.012
4.02 90.1164583333
4.04 94.8654090909
4.06 100.015
4.08 98.3409565217
4.1 100.290882353
4.12 100.994783784
4.14 103.7495
4.16 102.72
4.18 98.0067419355
4.2 87.9508095238
4.22 96.6008888889
4.24 93.1030909091
4.26 90.820125
4.28 90.9152727273
4.3 100.001
4.32 105.987913043
4.34 101.133041667
4.36 96.988
4.38 91.6885384615
4.4 101.987304348
4.42 97.003
4.44 90.017962963
4.46 93.2130434783
4.48 101.987
4.5 101.406705882
4.52 101.724636364
4.54 100.004444444
4.56 99.9079130435
4.58 98.8832631579
4.6 92.01
4.62 89.6836842105
4.64 92.00185
4.66 95.6540714286
4.68 96.430047619
4.7 97.5318461538
4.72 101.28062963
4.74 101.387827586
4.76 101.6455
4.78 103.008954545
4.8 93.5405217391
4.82 91.9985
4.84 92.0103684211
4.86 98.0019130435
4.88 91.483826087
4.9 95.2554375
4.92 105.016
4.94 112.967708333
4.96 113.1142
4.98 100.986
5.0 90.7854444444
5.02 96.6896470588
5.04 102.015
5.06 85.6672666667
5.08 93.0087647059
5.1 105.971029412
5.14 114.003944444
5.16 100.005
5.18 90.9804
5.2 93.1928666667
5.22 110.985
5.24 91.97
5.26 90.143
5.28 101.008878788
5.3 109.988
5.32 96.8749411765
5.34 91.9509166667
5.36 90.998
5.38 107.56992
5.4 101.991090909
5.42 82.0798461538
5.44 89.998
5.46 111.00588
5.48 99.9849166667
5.5 110.98275
5.52 110.001
5.54 107.066592593
5.56 97.0434166667
5.58 87.2107083333
5.6 91.62675
5.62 91.021
5.64 90.90565
5.66 91.7915833333
5.68 92.9219411765
5.7 103.994
5.72 102.6038
5.74 104.236208333
5.76 109.034
5.78 102.975
5.8 100.328833333
5.82 90.998
5.84 84.801125
5.86 91.0045
5.88 95.6696818182
5.9 97.338
5.92 96.3235
5.94 100.014041667
5.96 102.9356
5.98 101.747115385
6.0 97.1883333333
6.02 91.486173913
6.04 93.269
6.06 99.971
6.08 92.4482272727
6.1 90.05575
6.12 109.004966667
6.14 109.422142857
6.16 101.003
6.18 98.002
6.2 87.6642916667
6.22 104.381
6.24 91.9020909091
6.26 90.987
6.28 92.7757777778
6.3 102.984
6.32 90.4091666667
6.34 102.024
6.36 103.005357143
6.38 110.908166667
6.4 103.985
6.42 102.973888889
6.44 95.9145357143
6.46 91.9921304348
6.48 86.3316315789
6.5 87.9015714286
6.52 94.988
6.54 93.5266521739
6.56 100.695846154
6.58 105.9645
6.6 103.125
6.62 103.18425
6.64 100.957181818
6.66 95.3075909091
6.68 93.9297826087
6.7 89.9998666667
6.72 92.2360952381
6.74 101.002
6.76 91.8263333333
6.78 101.921461538
6.8 102.43388
6.82 99.22059375
6.84 101.566695652
6.86 93.4193333333
6.88 92.994
6.9 101.986
6.92 99.0304782609
6.94 94.9995
6.96 90.6809090909
6.98 100.999
7.0 102.666967742
7.02 92.62932
7.04 93.463826087
7.06 92.305
7.08 107.037
7.1 99.9603043478
7.12 100.359533333
7.14 99.25225
7.16 100.491076923
7.18 92.9915652174
7.2 92.984
7.22 91.9555
7.24 92.8222083333
7.26 92.346
7.28 93.628
7.3 101.375666667
7.32 105.59568
7.34 106.5608
7.36 104.014
7.38 101.999903226
7.4 94.989
7.42 89.3341666667
7.44 85.4423888889
7.46 89.9986666667
7.48 97.8876
7.5 102.99
7.52 99.982
7.54 101.001961538
7.56 101.927962963
7.58 102.275782609
7.6 96.0020869565
7.62 91.06975
7.64 90.4430869565
7.66 97.968
7.68 93.9622727273
7.7 92.4565
7.72 94.7981428571
7.74 101.000851852
7.76 104.00005
7.78 100.482434783
7.8 100.998
7.82 95.2686818182
7.84 97.4898181818
7.86 94.3842
7.88 89.8724782609
7.9 90.5627894737
7.92 97.2319583333
7.94 104.008
7.96 97.9060526316
7.98 102.001
8.0 100.828724138
8.02 101.192041667
8.04 97.0067272727
8.06 89.3523571429
8.08 87.1231875
8.1 96.0034782609
8.12 94.006
8.14 92.8531
8.16 95.7717272727
8.18 103.33675
8.2 105.208130435
8.22 105.995958333
8.24 104.999
8.26 95.0552608696
8.28 97.9362631579
8.3 90.98
8.32 86.4975625
8.34 97.989
8.36 94.995
8.38 91.0115
8.4 91.7655714286
8.42 102.986
8.44 106.273318182
8.46 101.27124
8.48 100.994361111
8.5 99.1368095238
8.52 102.877043478
8.54 93.9979
8.56 89.0648695652
8.58 88.8715625
8.6 99.3675789474
8.62 95.997
8.64 93.36825
8.66 100.001
8.68 105.765192308
8.7 106.002
8.72 102.201666667
8.74 94.130125
8.76 93.67555
8.78 97.0005
8.8 91.8869130435
8.82 90.004
8.84 94.0156666667
8.86 111.02476
8.88 114.999833333
8.9 101.109444444
8.92 100.011925926
8.94 104.992913043
8.96 97.99195
8.98 91.6793043478
9.0 83.8449285714
9.02 101.004
9.04 100.999
9.06 89.2002142857
9.08 82.5308
9.1 93.7596896552
9.12 103.0106
9.14 111.007967742
9.16 102.006
9.18 102.334916667
9.2 104.116777778
9.22 112.992136364
9.24 96.7540909091
9.26 85.0047272727
9.28 80.4970833333
9.3 98.0096666667
9.32 98.9342222222
9.34 93.6026666667
9.36 98.0054583333
9.38 101.850666667
9.4 106.81
9.42 94.3103043478
9.44 95.9633846154
9.46 105.971
9.48 103.994
9.5 93.001
9.52 93.98
9.54 91.8978
9.56 92.25925
9.58 112.006
9.6 102.974636364
9.62 110.013
9.64 98.4173333333
9.66 98.972
9.68 101.221777778
9.7 90.9085217391
9.72 89.7545789474
9.74 91.9229230769
9.76 92.4511666667
9.78 92.0735384615
9.8 91.844
9.82 102.884896552
9.84 109.113352941
9.86 111.994
9.88 110.988166667
9.9 100.932818182
9.92 101.083954545
9.94 89.7147
9.96 86.2276666667
9.98 95.0822727273
10.0 89.0951818182
10.02 95.982
10.04 98.0
10.06 105.075314286
10.08 103.349416667
10.1 102.981
10.12 101.715111111
10.14 92.9550434783
10.16 95.8941428571
10.18 91.7901428571
10.2 92.0073333333
10.22 90.9111818182
10.24 94.0
10.26 111.582863636
10.28 98.2034
10.3 99.754625
10.32 100.508060606
10.34 100.868782609
10.36 98.1759565217
10.38 87.4273157895
10.4 97.012
10.42 97.9955714286
10.44 97.0029583333
10.46 93.3029230769
10.48 92.6218636364
10.5 97.9831428571
10.52 104.778458333
10.54 103.463666667
10.56 102.977888889
10.58 100.000903226
10.6 100.698954545
10.62 104.018
10.64 90.7213043478
10.66 90.09896
10.68 94.001
10.7 99.0
10.72 92.5172380952
10.74 92.87556
10.76 101.740833333
10.78 108.5976
10.8 105.223521739
10.82 101.7412
10.84 98.9957916667
10.86 96.1464347826
10.88 94.0023157895
10.9 83.022
10.92 91.1565384615
10.94 95.88
10.96 102.99652381
10.98 93.989
11.0 101.962
11.02 103.061151515
11.04 97.1270416667
11.06 102.997
11.08 89.2371904762
11.1 89.9994545455
11.12 101.6821875
11.14 100.007727273
11.16 94.1312941176
11.18 91.975
11.2 101.938666667
11.22 100.52444
11.24 95.2553181818
11.26 91.9188076923
11.28 90.888
11.3 100.999272727
11.32 101.004827586
11.34 93.0004
11.36 96.2736071429
11.38 103.002
11.4 102.9408
11.42 100.519
11.44 97.8201944444
11.46 96.1576521739
11.48 98.8865789474
11.5 96.99495
11.52 91.8379583333
11.54 92.8149047619
11.56 99.003
11.58 101.977
11.6 101.010925926
11.62 100.017
11.64 99.9114583333
11.66 99.8768636364
11.68 97.6975
11.7 93.002
11.72 91.894
11.74 94.9537777778
11.76 97.7629090909
11.78 98.97105
11.8 97.9976428571
11.82 97.6849615385
11.84 105.452142857
11.86 99.5700588235
11.88 93.5136285714
11.9 90.7675
11.92 96.2945833333
11.94 95.6973125
11.96 90.7893684211
11.98 92.40705
12.0 102.014
12.02 103.272428571
12.04 105.129173913
12.06 99.986
12.08 99.0015357143
12.1 99.7810384615
12.12 93.5970666667
12.14 90.9996111111
12.16 94.038
12.18 101.176807692
12.2 107.004
12.22 96.5905909091
12.24 97.9998235294
12.26 102.971939394
12.28 102.084181818
12.3 96.2912608696
12.32 88.369375
12.34 100.97
12.36 102.0
12.38 92.0179583333
12.4 92.5309583333
12.42 92.699173913
12.44 93.0148461538
12.46 102.829869565
12.48 102.015742857
12.5 102.988
12.52 110.981
12.54 110.011970588
12.56 101.053
12.58 95.3865
12.6 90.9347894737
12.62 100.01
12.64 91.844
12.66 92.001
12.68 91.9926363636
12.7 89.9772
12.72 103.021
12.74 103.015
12.76 101.134
12.78 108.996892857
12.8 111.012625
12.82 105.744961538
12.84 100.928956522
12.86 89.2285
12.88 88.9897333333
12.9 92.5857142857
12.92 96.1709473684
12.94 92.5008333333
12.96 94.4222083333
12.98 100.03676
13.0 107.5188
13.02 101.649125
13.04 102.002942857
13.06 99.67285
13.08 99.9799130435
13.1 92.89525
13.12 91.4384583333
13.14 91.4096
13.16 91.7175882353
13.18 101.025555556
13.2 101.966
13.22 105.022
13.24 102.459789474
13.26 99.1115185185
13.28 99.0335483871
13.3 95.5642105263
13.32 91.1388095238
13.34 89.7665909091
13.36 87.9733529412
13.38 97.4467916667
13.4 100.66152381
13.42 97.75125
13.44 101.853285714
13.46 103.443242424
13.48 102.224090909
13.5 103.82496
13.52 90.9776086957
13.54 90.0067857143
13.56 100.992
13.58 101.104727273
13.6 93.5029583333
13.62 93.0403043478
13.64 102.038
13.66 105.998533333
13.68 93.9132173913
13.7 91.947
13.72 103.008694444
13.74 111.966
13.76 96.2197142857
13.78 91.5182173913
13.8 84.8562857143
13.82 104.216222222
13.84 101.99
13.86 82.5617368421
13.88 81.797625
13.9 103.003875
13.92 91.3515833333
13.94 112.977
13.96 102.018473684
13.98 105.66662963
14.0 113.775636364
14.02 114.98762963
14.04 105.616913043
14.06 85.2628695652
14.08 84.9473684211
14.1 94.0088636364
14.12 85.7256428571
14.14 82.013
14.16 96.029
14.2 114.999
14.22 111.0
14.24 107.5854
14.26 107.049916667
14.28 120.49315
14.3 99.9685
14.32 81.4117647059
14.34 90.01025
14.36 103.009
14.4 101.853692308
14.42 82.7456666667
14.44 98.9832083333
14.46 102.010958333
14.48 103.985
14.5 92.009
14.52 92.011
14.54 101.411318182
14.56 112.011305556
14.58 101.003958333
14.6 91.8944117647
14.62 98.996
14.64 101.053655172
14.66 99.5409
14.68 93.6752413793
14.7 89.7100416667
14.72 96.977
14.74 96.997
14.76 92.0179545455
14.78 92.68096
14.8 94.4272631579
14.82 100.475789474
14.84 102.369375
14.86 98.5835862069
14.88 98.2256774194
14.9 96.7551904762
14.92 96.17755
14.94 90.5431176471
14.96 91.0001
14.98 98.022
15.0 100.564583333
15.02 98.6675652174
15.04 98.05076
15.06 100.027
15.08 99.9720416667
15.1 99.0065217391
15.12 99.012
15.14 92.4414583333
15.16 95.038
15.18 96.9936956522
15.2 92.9859047619
15.22 94.1846956522
15.24 99.39008
15.26 101.917130435
15.28 102.021916667
15.3 99.8539642857
15.32 99.00764
15.34 98.8225909091
15.36 94.998
15.38 90.8869545455
15.4 90.8809473684
15.42 96.9838181818
15.44 98.8305
15.46 98.9735416667
15.48 100.1698
15.5 99.9656538462
15.52 100.776291667
15.54 100.656925926
15.56 95.9442068966
15.58 93.8332083333
15.6 96.973
15.62 94.0887391304
15.64 91.7053809524
15.66 94.22775
15.68 95.43375
15.7 99.197
15.72 101.657958333
15.74 99.995
15.76 101.084478261
15.78 97.9154545455
15.8 93.8420666667
15.82 90.3114615385
15.84 91.6652173913
15.86 95.019
15.88 93.6635833333
15.9 94.2108333333
15.92 100.810888889
15.94 103.0642
15.96 101.792655172
15.98 100.426454545
16.0 98.3712592593
16.02 94.3619130435
16.04 91.4878695652
16.06 91.13385
16.08 92.5755
16.1 92.4107916667
16.12 94.99
16.14 101.005
16.16 103.948956522
16.18 105.23775
16.2 100.873575758
16.22 97.7376956522
16.24 95.4632380952
16.26 91.961
16.28 87.49675
16.3 91.2279545455
16.32 96.023
16.34 98.7993333333
16.36 100.251625
16.38 102.505333333
16.4 104.29040625
16.42 100.356875
16.44 95.5961052632
16.46 91.4678235294
16.48 92.9569545454
16.5 91.9989130435
16.52 92.0536190476
16.54 92.7115416667
16.56 102.971
16.58 105.43596
16.6 106.846942857
16.62 101.275814815
16.64 99.5977727273
16.66 97.32655
16.68 91.4167894737
16.7 90.956
16.72 91.1071
16.74 92.235375
16.76 103.982
16.78 92.7012
16.8 100.454363636
16.82 101.0168
16.84 101.962
16.86 110.996
16.88 102.015
16.9 94.9097419355
16.92 96.3981428571
16.94 92.0683
16.96 91.9993529412
16.98 90.9999444444
17.0 94.993
17.02 102.760384615
17.04 99.3445833333
17.06 102.962
17.08 99.361
17.1 100.034225806
17.12 98.349
17.14 92.55412
17.16 91.957125
17.18 90.8927058824
17.2 96.999
17.22 96.5203043478
17.24 99.008
17.26 96.1075185185
17.28 101.0
17.3 102.498
17.32 99.5991290323
17.34 99.0
17.36 94.3296785714
17.38 93.8068888889
17.4 93.02175
17.42 91.5482173913
17.44 95.2845454545
17.46 100.031962963
17.48 105.973
17.5 100.992
17.52 103.026
17.54 99.5295
17.56 96.023
17.58 93.2368235294
17.6 89.8917142857
17.62 96.9052173913
17.64 97.8293333333
17.66 97.0072307692
17.68 100.5727
17.7 100.019136364
17.72 100.9876
17.74 100.839807692
17.76 99.8435384615
17.78 96.1388214286
17.8 92.4118823529
17.82 95.998
17.84 98.988
17.86 93.2565
17.88 95.4124545455
17.9 94.9546086957
17.92 102.324444444
17.94 101.848888889
17.96 98.3296551724
17.98 97.9571851852
18.0 92.3751875
18.02 94.9933333333
18.04 94.0171363636
18.06 90.9484782609
18.08 94.3002608696
18.1 97.98
18.12 101.846076923
18.14 101.029
18.16 98.8446666667
18.18 99.9987931034
18.2 96.5350869565
18.22 93.2795
18.24 93.0759545455
18.26 93.9906666667
18.28 96.9809583333
18.3 96.99
18.32 99.5145
18.34 100.486
18.36 100.17025
18.38 99.468037037
18.4 94.1689583333
18.42 93.79075
18.44 95.0126842105
18.46 95.983
18.48 95.83444
18.5 97.979
18.52 100.749291667
18.54 103.133066667
18.56 100.55896
18.58 100.007083333
18.6 98.603
18.62 96.0155
18.64 91.2084782609
18.66 89.4250588235
18.68 91.3893888889
18.7 104.993
18.72 102.016
18.74 98.0009583333
18.76 102.403
18.78 102.003
18.8 102.758444444
18.82 95.99
18.84 89.749875
18.86 89.0052916667
18.88 87.801375
