0.6 1
0.68 39.7142857143
0.76 47.0888215265
0.78 67.0888215265
0.8 73.6710572212
0.84 52.5077435656
0.86 66.1586247335
0.88 78.8076664298
0.9 77.3193562599
0.94 64.1148723524
0.96 76.3672006263
0.98 81.709622534
1.0 84.0916336021
1.02 85.9568089746
1.04 103.875644544
1.06 110.357093842
1.08 106.547795343
1.1 103.574272509
1.12 102.03902773
1.14 109.706611336
1.16 106.899767386
1.18 90.1039543476
1.2 84.9351069095
1.22 95.4911624829
1.24 103.951042327
1.26 101.541421236
1.28 100.421682215
1.3 99.5529536491
1.32 105.630504069
1.34 104.508628687
1.36 101.18042019
1.38 100.138939807
1.4 106.155846001
1.42 103.266834133
1.44 101.78579506
1.46 101.435965285
1.48 108.205187205
1.5 107.442951425
1.52 109.52833216
1.54 111.297385494
1.56 114.717148627
1.58 112.713837211
1.6 109.273867401
1.62 107.434832191
1.64 105.097739337
1.66 99.3130626645
1.68 99.4480666896
1.7 100.371004204
1.72 107.276288125
1.74 115.363058092
1.76 119.260520203
1.78 116.390636751
1.8 111.296619636
1.82 108.137412725
1.84 98.6646996807
1.86 96.6305444934
1.88 95.0470211971
1.9 94.5510686488
1.92 101.324633558
1.94 109.073664436
1.96 109.04245186
1.98 114.797884709
2.0 119.824247573
2.02 115.850771489
2.04 105.808235602
2.06 96.2513183329
2.08 96.2198016989
2.1 95.4768707069
2.12 94.8867568978
2.14 93.7113335517
2.16 102.394455138
2.18 109.019304619
2.2 114.821039254
2.22 118.777159175
2.24 113.181394793
2.26 131.793754811
2.3 114.959021943
2.32 102.842900494
2.34 87.4357565286
2.36 77.8154540384
2.38 75.5760163827
2.4 74.4736177763
2.42 79.5782984381
2.44 84.3043966288
2.46 102.248191833
2.48 112.953957961
2.5 110.355937894
2.52 126.390241637
2.54 120.111082485
2.56 113.307373193
2.58 101.648260272
2.6 99.7288156341
2.62 92.5162037314
2.64 87.291852734
2.66 77.719345875
2.68 75.5237334345
2.7 87.8979454376
2.72 98.134111526
2.74 98.5112147815
2.76 98.8073956773
2.78 105.930682852
2.8 111.111411733
2.82 108.002068536
2.84 97.8386274257
2.86 96.739187753
2.88 102.338231129
2.9 109.002342617
2.92 103.851180904
2.94 99.8816833071
2.96 104.125059637
2.98 111.543543832
3.0 107.485132417
3.02 102.694388442
3.04 92.0605485125
3.06 99.2037928398
3.08 108.188008258
3.1 104.021363563
3.12 101.591782542
3.14 108.318600821
3.16 115.238749115
3.18 108.665652931
3.2 98.3126490627
3.22 97.867550369
3.24 104.172658785
3.26 102.512997057
3.28 99.6403022508
3.3 98.9151982978
3.32 106.008541534
3.34 109.274109675
3.36 113.988117255
3.38 111.179552258
3.4 109.842062431
3.42 111.545541619
3.44 111.057584995
3.46 107.113382812
3.48 102.37827578
3.5 101.914088597
3.52 106.725245851
3.54 107.135986815
3.56 106.547434089
3.58 111.659620267
3.6 117.082659016
3.62 118.594885541
3.64 111.21718706
3.66 104.744975376
3.68 102.96138873
3.7 100.762740084
3.72 98.2676415555
3.74 99.4250429328
3.76 103.720183088
3.78 111.170556048
3.8 113.618295812
3.82 113.696151582
3.84 117.82207445
3.86 118.180971168
3.88 116.459497969
3.9 109.575616167
3.92 102.689217196
3.94 101.328331046
3.96 103.574065506
3.98 102.864224258
4.0 105.727330826
4.02 109.022296826
4.04 115.858524895
4.06 117.566100608
4.08 114.03877467
4.1 112.163716547
4.12 108.845186726
4.14 106.21827752
4.16 100.930523744
4.18 97.6366249006
4.2 99.6976745747
4.22 107.646307318
4.24 106.992187259
4.26 110.083512047
4.28 116.767143511
4.3 117.30291221
4.32 113.841391354
4.34 105.128584058
4.36 102.444900302
4.38 104.501093167
4.4 107.087872968
4.42 103.97731569
4.44 105.751835048
4.46 113.980746544
4.48 114.992861034
4.5 110.201975572
4.52 106.435464237
4.54 101.872646792
4.56 101.494042731
4.58 100.392912914
4.6 100.314330331
4.62 107.220371987
4.64 114.260703513
4.66 119.354973598
4.68 117.398840075
4.7 115.835787816
4.72 114.56561652
4.74 108.997692062
4.76 104.653470331
4.78 100.501895429
4.8 98.0529044483
4.82 102.576951521
4.84 107.32368657
4.86 113.288440671
4.88 112.478472416
4.9 117.83608008
4.92 118.20184808
4.94 110.044829801
4.96 97.217668486
4.98 88.2259176182
5.0 89.89160289
5.02 97.3036670128
5.04 99.4445354448
5.06 97.9842458029
5.08 106.13999631
5.1 104.923037043
5.14 89.642840344
5.16 82.905049187
5.18 86.3207233135
5.2 95.899695167
5.22 96.7320332589
5.24 89.7262031871
5.26 98.0482358918
5.28 106.195304132
5.3 104.107597646
5.32 95.722877147
5.34 95.8253559332
5.36 102.432186441
5.38 110.052252965
5.4 100.034364231
5.42 98.4629403538
5.44 114.901752106
5.46 122.137160476
5.48 108.022024377
5.5 106.43058409
5.52 96.697744653
5.54 90.3249931568
5.56 84.5264941961
5.58 86.2829427429
5.6 95.0278303435
5.62 102.632895951
5.64 110.205904968
5.66 116.876859993
5.68 121.632052168
5.7 122.446402197
5.72 114.194974477
5.74 108.690820428
5.76 99.0471507914
5.78 92.6724880617
5.8 91.9961062873
5.82 91.455367661
5.84 100.402090297
5.86 109.264155318
5.88 116.050067308
5.9 114.750218246
5.92 113.66982429
5.94 112.806845436
5.96 110.231039382
5.98 102.413419723
6.0 100.343155035
6.02 99.4757923149
6.04 105.577935577
6.06 107.1024229
6.08 105.70679329
6.1 110.937419625
6.12 116.448451064
6.14 105.462832761
6.16 95.9852895113
6.18 96.0256938992
6.2 98.3867218214
6.22 103.74585306
6.24 96.8722687933
6.26 104.245912637
6.28 111.657852341
6.3 116.059061493
6.32 110.156965348
6.34 116.877484201
6.36 111.647051048
6.38 106.705212777
6.4 96.9122797952
6.42 94.5586611878
6.44 93.4621641873
6.46 94.0257723379
6.48 101.761541163
6.5 108.47002568
6.52 114.34432206
6.54 116.302119897
6.56 118.988952164
6.58 114.244942508
6.6 102.33498852
6.62 98.7063564763
6.64 95.2155881136
6.66 94.66644823
6.68 98.8961033681
6.7 104.191079027
6.72 112.614292469
6.74 116.861052967
6.76 112.561377372
6.78 116.821785816
6.8 111.627624982
6.82 105.880616235
6.84 103.041178188
6.86 98.5068166501
6.88 103.827562595
6.9 109.319794907
6.92 105.752785604
6.94 103.778684019
6.96 103.015475822
6.98 109.577700958
7.0 106.795077937
7.02 102.959714861
7.04 108.587500284
7.06 112.425709633
7.08 115.690616875
7.1 106.467757411
7.12 104.333401912
7.14 102.636227443
7.16 102.100771878
7.18 99.3185122085
7.2 105.436197988
7.22 110.713411329
7.24 116.275671015
7.26 120.015629972
7.28 123.244802385
7.3 121.6389109
7.32 114.474072328
7.34 102.509039185
7.36 95.9396530677
7.38 93.7897998867
7.4 93.5591850252
7.42 98.7958058514
7.44 104.982898058
7.46 114.340149898
7.48 121.636818096
7.5 118.283443401
7.52 111.879555996
7.54 109.519758354
7.56 106.746605694
7.58 103.721186403
7.6 100.532779272
7.62 99.6212525541
7.64 106.633767834
7.66 110.746350517
7.68 110.434713798
7.7 113.978992254
7.72 118.03484943
7.74 116.365795695
7.76 112.170014709
7.78 105.466124202
7.8 103.53256179
7.82 102.00761345
7.84 105.000146614
7.86 104.011878954
7.88 107.612928974
7.9 115.643184441
7.92 120.59099885
7.94 117.451209221
7.96 110.340134775
7.98 108.285350623
8.0 104.928854127
8.02 100.719160049
8.04 99.0085877444
8.06 99.9964350091
8.08 108.8847324
8.1 115.711272176
8.12 116.422042561
8.14 119.076265397
8.16 122.411374484
8.18 119.930711743
8.2 111.363598563
8.22 100.999071598
8.24 96.2285909639
8.26 93.3177199508
8.28 96.9622745752
8.3 96.8170129334
8.32 105.132567978
8.34 109.486901787
8.36 109.387095929
8.38 112.12029764
8.4 117.481076914
8.42 121.041607392
8.44 114.025679134
8.46 103.685500814
8.48 101.333124793
8.5 100.267834877
8.52 100.220685557
8.54 95.6325451338
8.56 101.390265968
8.58 108.14820228
8.6 116.136008072
8.62 112.906948318
8.64 114.092063976
8.66 114.111100872
8.68 111.287967818
8.7 103.994088696
8.72 98.4846238343
8.74 95.7574029494
8.76 99.7911865256
8.78 104.009922571
8.8 103.203777868
8.82 109.769736761
8.84 117.568762954
8.86 120.041493324
8.88 105.756174685
8.9 93.5695128241
8.92 93.3900117252
8.94 94.7030450147
8.96 87.6534888395
8.98 87.4270573199
9.0 96.0466727438
9.02 103.518845864
9.04 101.991878234
9.06 100.786445992
9.08 108.630740001
9.1 124.705589225
9.12 126.12790028
9.14 117.944399364
9.16 104.998846471
9.18 102.347192496
9.2 99.4914215224
9.22 93.6755194923
9.24 86.3230603611
9.26 88.3984036932
9.28 98.5623921909
9.3 116.159604084
9.32 114.809654917
9.34 111.850479448
9.36 111.297197795
9.38 110.849293141
9.4 106.943179224
9.42 96.3920775925
9.44 101.179966601
9.46 104.341238362
9.48 98.7696546127
9.5 95.981040916
9.52 102.563448493
9.54 107.306617146
9.56 113.316187705
9.58 117.47419428
9.6 103.905643826
9.62 100.723005643
9.64 93.244438852
9.66 93.8599064137
9.68 95.867846594
9.7 94.4669701966
9.72 103.051536504
9.74 110.557937106
9.76 116.136291654
9.78 119.920451398
9.8 123.188445036
9.82 125.981090267
9.84 117.861741981
9.86 104.951522258
9.88 94.9693892587
9.9 88.4365419462
9.92 89.3660740406
9.94 90.0972235123
9.96 100.056177455
9.98 110.988078119
10.0 112.498736856
10.02 115.754811185
10.04 116.480432736
10.06 115.086067539
10.08 106.83529104
10.1 102.203915354
10.12 99.3963277526
10.14 97.9494978013
10.16 103.384338478
10.18 99.5363562581
10.2 105.630038075
10.22 111.844220568
10.24 116.24009256
10.26 118.927738349
10.28 104.95445271
10.3 103.12565556
10.32 101.671558133
10.34 100.531129896
10.36 99.6160053031
10.38 99.7047599565
10.4 110.64069087
10.42 111.238767055
10.44 110.810863346
10.46 111.387576339
10.48 114.804997257
10.5 117.729253448
10.52 113.28599152
10.54 103.93186936
10.56 99.1959913969
10.58 97.0618900323
10.6 97.6487355385
10.62 97.3761771304
10.64 94.8917895982
10.66 103.44152617
10.68 109.93644478
10.7 113.561936388
10.72 111.767221324
10.74 116.137643871
10.76 118.858426627
10.78 112.356677903
10.8 101.713204718
10.82 93.3081350788
10.84 93.1878737394
10.86 93.0942613063
10.88 93.7154032377
10.9 99.7552446094
10.92 116.124154667
10.94 119.890671857
10.96 114.982657271
10.98 109.309519517
11.0 113.040266003
11.02 108.692074304
11.04 97.6392755551
11.06 97.3273214051
11.08 95.5962378749
11.1 103.12716337
11.12 111.668589662
11.14 107.587501083
11.16 106.063115817
11.18 106.571534765
11.2 111.676410043
11.22 107.606518959
11.24 105.220229834
11.26 105.051362386
11.28 111.350003706
11.3 116.827142648
11.32 112.536350612
11.34 109.133290916
11.36 113.876080872
11.38 112.979041333
11.4 107.74900785
11.42 102.873493006
11.44 101.483954856
11.46 102.859263829
11.48 103.98131417
11.5 104.033792642
11.52 105.80548906
11.54 111.002753645
11.56 115.474946959
11.58 113.310260868
11.6 108.89083685
11.62 106.240775242
11.64 104.978173904
11.66 103.981699306
11.68 101.546279233
11.7 102.883927016
11.72 108.500399575
11.74 113.336687915
11.76 112.507473837
11.78 110.922477644
11.8 109.659683663
11.82 108.614780887
11.84 107.768633357
11.86 101.312571736
11.88 100.273014607
11.9 105.347815391
11.92 109.660576734
11.94 110.448239963
11.96 112.030613447
11.98 118.488451382
12.0 119.77869823
12.02 113.931184528
12.04 107.638530035
12.06 101.238925657
12.08 101.002480873
12.1 101.616517543
12.12 101.318422746
12.14 106.229362224
12.16 113.388450306
12.18 116.46181357
12.2 111.350659231
12.22 103.249717193
12.24 104.287203569
12.26 105.132411077
12.28 101.678445463
12.3 98.9950242494
12.32 98.4119003955
12.34 105.593242427
12.36 103.663062238
12.38 101.304362539
12.4 108.073518259
12.42 112.990464859
12.44 117.19400861
12.46 120.795793031
12.48 113.864806683
12.5 109.291724187
12.52 104.896666941
12.54 95.6141443609
12.56 89.5299744471
12.58 90.2278499016
12.6 91.4683114895
12.62 99.560146554
12.64 99.6401532279
12.66 106.679413869
12.68 112.763699411
12.7 118.062852096
12.72 124.970416854
12.74 117.044615645
12.76 110.89520217
12.78 106.128851051
12.8 97.8948786119
12.82 90.546605253
12.84 85.8532738799
12.86 88.021450604
12.88 97.4189283645
12.9 107.54691892
12.92 112.557269177
12.94 111.866611583
12.96 115.204614064
12.98 115.00921731
13.0 111.973343711
13.02 102.195090031
13.04 100.127873633
13.06 98.5293559072
13.08 98.845561483
13.1 99.0922676399
13.12 105.247993496
13.14 111.560798613
13.16 117.009390099
13.18 121.737343172
13.2 116.399848097
13.22 111.324439988
13.24 104.800853145
13.26 99.8642419115
13.28 98.3233598647
13.3 97.1110687421
13.32 97.7059503027
13.34 104.9404608
13.36 113.289738574
13.38 123.015254617
13.4 119.420325797
13.42 114.59503999
13.44 111.669615119
13.46 107.58744666
13.48 101.94407324
13.5 99.1814002136
13.52 96.3058578526
13.54 104.684963708
13.56 113.045030404
13.58 109.54771103
13.6 105.910508498
13.62 106.447854627
13.64 109.639355061
13.66 105.959626854
13.68 97.0566431981
13.7 102.597883663
13.72 109.266976552
13.74 104.859315835
13.76 94.9222555669
13.78 94.4751132297
13.8 102.155844367
13.82 110.809230959
13.84 102.841055207
13.86 100.667559727
13.88 117.045342325
13.9 134.191970463
13.92 124.222725691
13.94 128.042074507
13.96 110.667710778
13.98 106.78203925
14.0 95.6300299243
14.02 87.1347045697
14.04 78.5907539931
14.06 76.6445364156
14.08 88.8955135312
14.1 99.0182342499
14.12 104.262769947
14.14 115.853979588
14.16 133.010356493
14.2 111.17162596
14.22 97.3374557761
14.24 90.15312128
14.26 84.9646877299
14.28 81.2589900539
14.3 73.2933202518
14.32 78.6528385814
14.34 96.7344766647
14.36 105.965187767
14.4 101.180753558
14.42 99.3574537713
14.44 114.667845381
14.46 109.063268871
14.48 105.525564462
14.5 101.185220531
14.52 107.978541692
14.54 113.883158919
14.56 109.320124643
14.58 98.0774378764
14.6 97.6789465202
14.62 103.137209384
14.64 103.34656704
14.66 100.288665824
14.68 99.447579525
14.7 102.022004639
14.72 106.828161695
14.74 108.126596364
14.76 109.179332444
14.78 114.919978652
14.8 116.764533124
14.82 114.378057811
14.84 110.591996682
14.86 101.92985947
14.88 101.540625951
14.9 101.234125443
14.92 103.492062221
14.94 105.374521564
14.96 112.613534218
14.98 113.804549489
15.0 112.880822255
15.02 109.432689085
15.04 107.575927084
15.06 106.916872865
15.08 105.510410481
15.1 104.413393188
15.12 104.368493693
15.14 104.327955151
15.16 109.780196552
15.18 112.4095175
15.2 112.714615337
15.22 116.92337454
15.24 115.443757022
15.26 112.371632512
15.28 108.131157611
15.3 104.790462928
15.32 103.834885389
15.34 103.899350879
15.36 103.115324937
15.38 106.835785963
15.4 113.889585713
15.42 118.000095267
15.44 117.335721576
15.46 114.81961803
15.48 112.766663055
15.5 109.32455116
15.52 106.590274571
15.54 103.63301261
15.56 102.095308441
15.58 105.047530876
15.6 108.460147473
15.62 109.47657387
15.64 112.193710428
15.66 117.567171788
15.68 115.974180788
15.7 113.716509728
15.72 110.077834111
15.74 106.345714485
15.76 105.080825629
15.78 102.420374041
15.8 102.744715099
15.82 107.433939388
15.84 111.425359023
15.86 112.855433097
15.88 115.017150757
15.9 116.856548006
15.92 114.434303151
15.94 110.660780092
15.96 104.326628191
15.98 100.248937581
16.0 99.4326252314
16.02 100.342292302
16.04 103.649073976
16.06 108.225117763
16.08 113.115899174
16.1 115.245468202
16.12 119.097526293
16.14 120.303211953
16.16 114.342511383
16.18 106.310077188
16.2 99.4715435405
16.22 98.0352581317
16.24 99.2252121395
16.26 101.847883396
16.28 108.600935958
16.3 118.731489445
16.32 117.927925724
16.34 118.249732438
16.36 115.584304285
16.38 110.656133873
16.4 105.098828272
16.42 99.3363364261
16.44 97.9360667088
16.46 101.604888415
16.48 107.387959718
16.5 112.419471126
16.52 117.757124426
16.54 120.200707894
16.56 119.173455906
16.58 112.587975959
16.6 101.890353369
16.62 94.7633913574
16.64 94.346824119
16.66 95.4661393743
16.68 95.5987799923
16.7 103.139314477
16.72 110.715787393
16.74 116.266226757
16.76 117.956864349
16.78 110.751756534
16.8 114.263833719
16.82 110.504214743
16.84 107.502100163
16.86 104.346795993
16.88 95.2076081971
16.9 94.661654225
16.92 99.7117209591
16.94 100.607696814
16.96 106.545185917
16.98 112.647987754
17.0 116.908789052
17.02 118.456761279
17.04 111.973998179
17.06 108.685251211
17.08 104.446884257
17.1 103.556671839
17.12 102.025086605
17.14 101.601300985
17.16 105.558990303
17.18 108.891781308
17.2 112.675828258
17.22 112.929476187
17.24 113.146354764
17.26 111.424009991
17.28 110.961160028
17.3 107.890027745
17.32 103.802961528
17.34 103.055658127
17.36 103.277299497
17.38 106.948391562
17.4 109.156164486
17.42 113.875568778
17.44 119.042688189
17.46 117.169772417
17.48 113.705832068
17.5 105.837586606
17.52 103.837562291
17.54 100.630180569
17.56 98.9442069264
17.58 102.433756018
17.6 107.173027833
17.62 115.282911513
17.64 115.08947325
17.66 113.953466534
17.68 113.974489967
17.7 110.301857915
17.72 108.211494424
17.74 105.701892388
17.76 102.907509104
17.78 102.330123789
17.8 104.402069254
17.82 109.803403476
17.84 111.504742579
17.86 110.115765611
17.88 113.741473694
17.9 112.82460848
17.92 113.065615079
17.94 107.828185869
17.96 102.154025862
17.98 102.527867397
18.0 103.694510232
18.02 107.351116361
18.04 108.528789173
18.06 112.344296847
18.08 115.601997104
18.1 114.340097606
18.12 113.357907823
18.14 108.908162998
18.16 106.239129753
18.18 104.970910784
18.2 103.977568403
18.22 105.782995135
18.24 110.051072729
18.26 112.676538646
18.28 113.902984475
18.3 113.959010095
18.32 113.996502811
18.34 110.274595879
18.36 106.505992982
18.38 104.36118256
18.4 103.503141582
18.42 106.276883358
18.44 109.489728848
18.46 112.189261552
18.48 113.507609933
18.5 114.596572611
18.52 113.568272884
18.54 109.097613371
18.56 103.132283708
18.58 100.912656755
18.6 100.722053199
18.62 100.582477508
18.64 102.940939645
18.66 109.540138645
18.68 116.275747529
18.7 121.111543755
18.72 112.281614016
18.74 108.050199197
18.76 105.595333417
18.78 102.010219435
18.8 100.005662135
18.82 97.6893860054
18.84 101.416302536
18.86 110.152832967
18.88 116.833398943
