0.02 0
0.52 1
0.58 0
0.6 1
0.66 0
0.68 1
0.7 1
0.74 0
0.76 0
0.78 2
0.8 4
0.82 5
0.84 0
0.86 1
0.88 8
0.9 10
0.92 6
0.94 0
0.96 1
0.98 5
1.0 7
1.02 3
1.04 0
1.06 6
1.08 11
1.1 13
1.12 6
1.14 2
1.16 4
1.18 3
1.2 3
1.22 1
1.24 6
1.26 10
1.28 6
1.3 3
1.32 4
1.34 5
1.36 6
1.38 4
1.4 4
1.42 5
1.44 5
1.46 4
1.48 5
1.5 7
1.52 8
1.54 9
1.56 10
1.58 10
1.6 9
1.62 6
1.64 6
1.66 3
1.68 3
1.7 4
1.72 6
1.74 8
1.76 12
1.78 14
1.8 8
1.82 3
1.84 3
1.86 3
1.88 2
1.9 1
1.92 4
1.94 6
1.96 9
1.98 11
2.0 10
2.02 10
2.04 11
2.06 7
2.08 0
2.1 1
2.12 4
2.14 3
2.16 2
2.18 5
2.2 4
2.22 8
2.24 3
2.26 7
2.28 12
2.3 11
2.32 8
2.34 2
2.36 0
2.38 1
2.4 2
2.42 2
2.44 2
2.46 1
2.48 6
2.5 7
2.52 7
2.54 10
2.56 12
2.58 11
2.6 2
2.62 2
2.64 1
2.66 1
2.68 0
2.7 3
2.72 6
2.74 10
2.76 7
2.78 2
2.8 5
2.82 10
2.84 7
2.86 1
2.88 2
2.9 5
2.92 7
2.94 4
2.96 3
2.98 7
3.0 7
3.02 3
3.04 1
3.06 3
3.08 3
3.1 6
3.12 6
3.14 4
3.16 3
3.18 6
3.2 8
3.22 2
3.24 3
3.26 6
3.28 6
3.3 3
3.32 2
3.34 7
3.36 10
3.38 10
3.4 8
3.42 6
3.44 9
3.46 10
3.48 4
3.5 1
3.52 4
3.54 9
3.56 7
3.58 6
3.6 10
3.62 14
3.64 14
3.66 3
3.68 1
3.7 6
3.72 7
3.74 3
3.76 2
3.78 7
3.8 11
3.82 11
3.84 10
3.86 11
3.88 13
3.9 10
3.92 3
3.94 1
3.96 5
3.98 8
4.0 6
4.02 6
4.04 10
4.06 14
4.08 13
4.1 6
4.12 5
4.14 8
4.16 6
4.18 1
4.2 2
4.22 7
4.24 10
4.26 10
4.28 9
4.3 12
4.32 12
4.34 7
4.36 1
4.38 4
4.4 7
4.42 6
4.44 5
4.46 7
4.48 12
4.5 12
4.52 5
4.54 2
4.56 4
4.58 6
4.6 5
4.62 3
4.64 7
4.66 11
4.68 15
4.7 11
4.72 8
4.74 8
4.76 8
4.78 5
4.8 2
4.82 2
4.84 5
4.86 9
4.88 11
4.9 11
4.92 8
4.94 10
4.96 6
4.98 0
5.0 2
5.02 7
5.04 10
5.06 9
5.08 2
5.1 3
5.12 8
5.14 1
5.16 1
5.18 2
5.2 4
5.22 4
5.24 3
5.26 1
5.28 2
5.3 5
5.32 5
5.34 1
5.36 1
5.38 6
5.4 10
5.42 3
5.44 2
5.46 7
5.48 8
5.5 5
5.52 6
5.54 1
5.56 1
5.58 2
5.6 4
5.62 6
5.64 6
5.66 9
5.68 13
5.7 15
5.72 14
5.74 6
5.76 3
5.78 2
5.8 1
5.82 2
5.84 5
5.86 6
5.88 10
5.9 11
5.92 10
5.94 8
5.96 7
5.98 7
6.0 4
6.02 2
6.04 5
6.06 5
6.08 7
6.1 8
6.12 4
6.14 6
6.16 4
6.18 0
6.2 3
6.22 7
6.24 6
6.26 1
6.28 3
6.3 6
6.32 10
6.34 9
6.36 9
6.38 9
6.4 5
6.42 2
6.44 1
6.46 5
6.48 7
6.5 7
6.52 10
6.54 15
6.56 14
6.58 13
6.6 6
6.62 2
6.64 2
6.66 2
6.68 2
6.7 3
6.72 8
6.74 11
6.76 14
6.78 10
6.8 9
6.82 6
6.84 4
6.86 4
6.88 4
6.9 2
6.92 5
6.94 5
6.96 6
6.98 4
7.0 6
7.02 7
7.04 6
7.06 10
7.08 13
7.1 11
7.12 4
7.14 3
7.16 5
7.18 5
7.2 3
7.22 6
7.24 10
7.26 14
7.28 18
7.3 15
7.32 10
7.34 5
7.36 1
7.38 1
7.4 2
7.42 3
7.44 4
7.46 7
7.48 12
7.5 13
7.52 9
7.54 4
7.56 5
7.58 6
7.6 3
7.62 2
7.64 4
7.66 9
7.68 11
7.7 9
7.72 10
7.74 13
7.76 11
7.78 5
7.8 1
7.82 4
7.84 8
7.86 6
7.88 4
7.9 8
7.92 13
7.94 15
7.96 11
7.98 2
8.0 3
8.02 6
8.04 4
8.06 2
8.08 4
8.1 9
8.12 13
8.14 14
8.16 13
8.18 13
8.2 11
8.22 4
8.24 1
8.26 3
8.28 4
8.3 3
8.32 2
8.34 5
8.36 9
8.38 10
8.4 11
8.42 12
8.44 12
8.46 7
8.48 2
8.5 4
8.52 6
8.54 4
8.56 2
8.58 6
8.6 9
8.62 11
8.64 11
8.66 10
8.68 12
8.7 9
8.72 2
8.74 1
8.76 3
8.78 6
8.8 8
8.82 6
8.84 11
8.86 13
8.88 11
8.9 2
8.92 1
8.94 6
8.96 4
8.98 0
9.0 2
9.02 5
9.04 7
9.06 6
9.08 4
9.1 7
9.12 12
9.14 14
9.16 10
9.18 1
9.2 2
9.22 4
9.24 2
9.26 1
9.28 3
9.3 8
9.32 11
9.34 12
9.36 7
9.38 6
9.4 8
9.42 8
9.44 0
9.46 2
9.48 5
9.5 6
9.52 5
9.54 9
9.56 11
9.58 7
9.6 7
9.62 3
9.64 2
9.66 3
9.68 4
9.7 1
9.72 1
9.74 6
9.76 11
9.78 16
9.8 17
9.82 17
9.84 16
9.86 7
9.88 0
9.9 2
9.92 2
9.94 2
9.96 2
9.98 6
10.0 10
10.02 14
10.04 9
10.06 7
10.08 8
10.1 6
10.12 3
10.14 2
10.16 2
10.18 5
10.2 5
10.22 6
10.24 8
10.26 12
10.28 10
10.3 1
10.32 1
10.34 4
10.36 6
10.38 4
10.4 4
10.42 7
10.44 11
10.46 10
10.48 9
10.5 11
10.52 11
10.54 5
10.56 1
10.58 1
10.6 6
10.62 4
10.64 1
10.66 3
10.68 7
10.7 12
10.72 12
10.74 10
10.76 11
10.78 13
10.8 9
10.82 0
10.84 2
10.86 6
10.88 7
10.9 3
10.92 5
10.94 11
10.96 15
10.98 12
11.0 6
11.02 6
11.04 6
11.06 1
11.08 2
11.1 4
11.12 4
11.14 8
11.16 8
11.18 5
11.2 6
11.22 9
11.24 8
11.26 4
11.28 6
11.3 9
11.32 10
11.34 9
11.36 7
11.38 10
11.4 10
11.42 3
11.44 1
11.46 5
11.48 8
11.5 7
11.52 6
11.54 7
11.56 12
11.58 13
11.6 9
11.62 4
11.64 5
11.66 5
11.68 4
11.7 3
11.72 6
11.74 10
11.76 12
11.78 9
11.8 6
11.82 8
11.84 8
11.86 7
11.88 2
11.9 2
11.92 7
11.94 11
11.96 11
11.98 10
12.0 12
12.02 12
12.04 7
12.06 2
12.08 3
12.1 6
12.12 6
12.14 5
12.16 6
12.18 10
12.2 13
12.22 6
12.24 2
12.26 3
12.28 5
12.3 4
12.32 2
12.34 2
12.36 2
12.38 4
12.4 5
12.42 7
12.44 10
12.46 10
12.48 9
12.5 7
12.52 5
12.54 3
12.56 2
12.58 1
12.6 4
12.62 5
12.64 6
12.66 6
12.68 8
12.7 9
12.72 10
12.74 13
12.76 14
12.78 4
12.8 2
12.82 2
12.84 1
12.86 2
12.88 4
12.9 7
12.92 10
12.94 10
12.96 9
12.98 13
13.0 13
13.02 5
13.04 1
13.06 4
13.08 6
13.1 4
13.12 5
13.14 10
13.16 13
13.18 14
13.2 10
13.22 10
13.24 6
13.26 3
13.28 3
13.3 4
13.32 2
13.34 4
13.36 8
13.38 12
13.4 16
13.42 12
13.44 5
13.46 6
13.48 8
13.5 4
13.52 2
13.54 4
13.56 5
13.58 7
13.6 7
13.62 5
13.64 6
13.66 5
13.68 4
13.7 2
13.72 1
13.74 7
13.76 8
13.78 1
13.8 1
13.82 6
13.84 10
13.86 4
13.88 4
13.9 8
13.92 11
13.94 15
13.96 17
13.98 4
14.0 1
14.02 1
14.04 1
14.06 0
14.08 1
14.1 5
14.12 8
14.14 10
14.16 9
14.18 10
14.2 11
14.22 7
14.24 0
14.26 2
14.28 5
14.3 1
14.32 1
14.34 2
14.36 6
14.38 7
14.4 4
14.42 3
14.44 2
14.46 6
14.48 6
14.5 5
14.52 2
14.54 3
14.56 6
14.58 10
14.6 1
14.62 1
14.64 6
14.66 6
14.68 4
14.7 3
14.72 6
14.74 8
14.76 8
14.78 10
14.8 12
14.82 12
14.84 8
14.86 3
14.88 3
14.9 7
14.92 7
14.94 6
14.96 7
14.98 9
15.0 11
15.02 10
15.04 6
15.06 6
15.08 8
15.1 6
15.12 5
15.14 5
15.16 7
15.18 9
15.2 10
15.22 10
15.24 12
15.26 11
15.28 8
15.3 5
15.32 5
15.34 6
15.36 6
15.38 6
15.4 9
15.42 13
15.44 14
15.46 10
15.48 7
15.5 8
15.52 8
15.54 5
15.56 3
15.58 5
15.6 8
15.62 8
15.64 8
15.66 10
15.68 12
15.7 11
15.72 6
15.74 5
15.76 6
15.78 5
15.8 4
15.82 3
15.84 8
15.86 11
15.88 11
15.9 11
15.92 11
15.94 9
15.96 6
15.98 3
16.0 4
16.02 4
16.04 4
16.06 5
16.08 8
16.1 11
16.12 14
16.14 14
16.16 11
16.18 6
16.2 2
16.22 3
16.24 4
16.26 5
16.28 6
16.3 10
16.32 14
16.34 14
16.36 9
16.38 7
16.4 6
16.42 5
16.44 2
16.46 2
16.48 5
16.5 10
16.52 13
16.54 15
16.56 14
16.58 10
16.6 4
16.62 1
16.64 2
16.66 4
16.68 2
16.7 2
16.72 6
16.74 10
16.76 12
16.78 11
16.8 6
16.82 7
16.84 9
16.86 9
16.88 3
16.9 1
16.92 4
16.94 8
16.96 6
16.98 6
17.0 8
17.02 11
17.04 11
17.06 5
17.08 3
17.1 4
17.12 6
17.14 6
17.16 4
17.18 7
17.2 9
17.22 9
17.24 10
17.26 9
17.28 9
17.3 8
17.32 6
17.34 3
17.36 6
17.38 8
17.4 8
17.42 10
17.44 12
17.46 14
17.48 12
17.5 6
17.52 2
17.54 4
17.56 5
17.58 5
17.6 6
17.62 9
17.64 11
17.66 12
17.68 9
17.7 8
17.72 8
17.74 7
17.76 5
17.78 5
17.8 6
17.82 5
17.84 8
17.86 9
17.88 10
17.9 10
17.92 10
17.94 7
17.96 4
17.98 4
18.0 6
18.02 6
18.04 6
18.06 8
18.08 11
18.1 12
18.12 10
18.14 8
18.16 5
18.18 6
18.2 5
18.22 6
18.24 8
18.26 8
18.28 10
18.3 11
18.32 11
18.34 10
18.36 8
18.38 5
18.4 5
18.42 6
18.44 8
18.46 9
18.48 10
18.5 12
18.52 11
18.54 9
18.56 4
18.58 2
18.6 4
18.62 5
18.64 4
18.66 5
18.68 8
18.7 10
18.72 12
18.74 7
18.76 4
18.78 6
18.8 5
18.82 1
18.84 0
18.86 0
