0.02 0.0172932942708
0.52 0.78125
0.58 0.048828125
0.6 0.78125
0.66 0.048828125
0.68 5.078125
0.7 5.078125
0.72 1.5625
0.74 0.3173828125
0.76 2.99072265625
0.78 5.17365828804
0.8 6.8359375
0.82 7.37832559122
0.84 1.98364257812
0.86 3.04565429688
0.88 6.02253239329
0.9 8.2763671875
0.92 8.39129192073
0.94 1.51774088542
0.96 5.47669876453
0.98 8.34812973485
1.0 8.45424107143
1.02 7.77290962838
1.04 5.46671549479
1.06 5.47892252604
1.08 8.86296452703
1.1 7.70670572917
1.12 8.291015625
1.14 8.30522017045
1.16 7.59331597222
1.18 6.80463741987
1.2 7.63098675272
1.22 6.64481026786
1.24 6.97482638889
1.26 8.62947789634
1.28 7.91414221939
1.3 8.64673371011
1.32 9.08610026042
1.34 8.58989514803
1.36 9.20179834906
1.38 8.46155678354
1.4 8.97800611413
1.42 9.26615397135
1.44 9.44050114329
1.46 9.32298743207
1.48 9.4189453125
1.5 9.29768880208
1.52 9.46416440217
1.54 9.57234700521
1.56 9.25699869792
1.58 9.09301757812
1.6 8.79516601562
1.62 8.95066034226
1.64 8.94990808824
1.66 8.81607380319
1.68 8.70303199405
1.7 8.70303199405
1.72 8.5056470788
1.74 8.69974275915
1.76 8.4726969401
1.78 8.60188802083
1.8 8.81936961207
1.82 8.65666316106
1.84 8.68291440217
1.86 8.1953568892
1.88 9.15467797256
1.9 8.10546875
1.92 8.50260416667
1.94 8.98229720745
1.96 8.984375
1.98 8.23325299202
2.0 7.87563981681
2.02 9.34753417969
2.04 8.79263528963
2.06 8.56651893029
2.08 8.00554142442
2.1 5.6640625
2.12 6.47902715774
2.14 8.75999813988
2.16 7.55504261364
2.18 7.13315217391
2.2 8.3085493608
2.22 8.74646775266
2.24 7.80924479167
2.26 8.38623046875
2.28 8.79657451923
2.3 8.63172743056
2.32 6.77083333333
2.34 7.76574966755
2.36 8.09828814338
2.38 6.2262119391
2.4 8.32275390625
2.42 7.70300662879
2.44 8.58537946429
2.46 7.35026041667
2.48 6.78304036458
2.5 8.03444602273
2.52 8.35978190104
2.54 8.49812825521
2.56 8.83246527778
2.58 8.26753656915
2.6 7.76457609954
2.62 8.62129407051
2.64 7.29131283967
2.66 4.94747677365
2.68 5.1025390625
2.7 7.70293445122
2.72 8.66427951389
2.74 8.86543469551
2.76 8.93147786458
2.78 8.32803415698
2.8 8.55685763889
2.82 8.93673780488
2.84 8.92427884615
2.86 7.80924479167
2.88 8.70595079787
2.9 8.66528888081
2.92 8.7646484375
2.94 8.34021935096
2.96 7.84545898438
2.98 8.87160528274
3.0 9.36279296875
3.02 8.17344515931
3.04 7.10389672256
3.06 8.07926829268
3.08 8.92986918605
3.1 9.26291725852
3.12 8.99658203125
3.14 8.75854492188
3.16 8.68696732955
3.18 8.95073784722
3.2 9.01285807292
3.22 8.65173339844
3.24 7.50573199728
3.26 8.98229720745
3.28 9.17137632979
3.3 8.67760699728
3.32 9.25514914773
3.34 9.4363190407
3.36 9.189453125
3.38 8.78753662109
3.4 8.90238060142
3.42 9.25542091837
3.44 9.7578568892
3.46 9.50520833333
3.48 9.36446844363
3.5 9.49551196809
3.52 9.27845348011
3.54 9.7265625
3.56 9.53744741587
3.58 9.36453683036
3.6 9.80360243056
3.62 9.73849826389
3.64 9.50520833333
3.66 9.10223599138
3.68 8.30078125
3.7 9.08798589939
3.72 9.45203993056
3.74 9.22296697443
3.76 9.2118696733
3.78 9.46821732955
3.8 9.61701766304
3.82 9.72180488782
3.84 9.33650090144
3.86 9.51511548913
3.88 9.39162234043
3.9 9.32432930425
3.92 8.84586256378
3.94 8.82359946646
3.96 9.47614397321
3.98 9.36221168155
4.0 9.27136479592
4.02 9.4980875651
4.04 9.52370383523
4.06 9.57349694293
4.08 9.65963224085
4.1 9.26693775615
4.12 9.31749131944
4.14 9.66448102679
4.16 9.5693734976
4.18 8.49942294034
4.2 8.52905273438
4.22 9.43177688953
4.24 9.57641601562
4.26 9.50317382812
4.28 9.4861619016
4.3 9.60875166223
4.32 9.62320963542
4.34 9.32355608259
4.36 9.27422706117
4.38 9.62468927557
4.4 9.51552972561
4.42 9.10196109694
4.44 9.1945482337
4.46 9.75850423177
4.48 9.68505859375
4.5 9.72210427989
4.52 9.14219447545
4.54 9.07353940217
4.56 9.58341272866
4.58 9.59635416667
4.6 9.33810763889
4.62 9.3027750651
4.64 9.66331845238
4.66 9.64518229167
4.68 9.51590401786
4.7 9.248046875
4.72 9.14713541667
4.74 9.34753417969
4.76 9.19379340278
4.78 9.3845533288
4.8 8.96245216837
4.82 9.03828938802
4.84 9.13605385638
4.86 9.63584498355
4.88 9.37093098958
4.9 9.30606617647
4.92 8.93762466755
4.94 9.33024088542
4.96 8.5947265625
4.98 6.68809678819
5.0 5.91318558673
5.02 7.646484375
5.04 8.22566105769
5.06 8.85917467949
5.08 7.45738636364
5.1 6.04564525463
5.12 7.38863031915
5.14 7.78702445652
5.16 8.0316587936
5.18 8.38216145833
5.2 7.85197805851
5.22 8.17930640244
5.24 8.08216441761
5.26 7.67156427557
5.28 8.39631453804
5.3 7.38733803354
5.32 7.7392578125
5.34 7.08527260638
5.36 7.75756835938
5.38 7.5832201087
5.4 9.29186021959
5.42 7.51279633621
5.44 7.51784752155
5.46 7.18383789062
5.48 8.51643880208
5.5 8.59894448138
5.52 8.25610871011
5.54 7.99418604651
5.56 4.33888989826
5.58 8.59818892045
5.6 8.76180959302
5.62 9.07389322917
5.64 9.35872395833
5.66 8.96402994792
5.68 9.2919921875
5.7 8.75854492188
5.72 9.14103190104
5.74 8.7890625
5.76 8.33767361111
5.78 8.78397623698
5.8 8.349609375
5.82 9.19078480114
5.84 9.42254317434
5.86 9.61100260417
5.88 9.32922363281
5.9 9.68807444853
5.92 9.21746020047
5.94 8.97441007653
5.96 9.13813164894
5.98 8.92578125
6.0 9.20877659574
6.02 9.09375
6.04 9.29731889205
6.06 9.3212890625
6.08 9.53369140625
6.1 9.53511082849
6.12 8.8652820122
6.14 9.07389322917
6.16 8.40363198138
6.18 7.90303548177
6.2 6.48415305398
6.22 8.07362432065
6.24 8.8612874349
6.26 7.76672363281
6.28 7.22323330966
6.3 8.53661070479
6.32 8.01003196023
6.34 8.73342114826
6.36 8.29662566489
6.38 7.9560546875
6.4 8.65709459459
6.42 7.58056640625
6.44 7.9833984375
6.46 7.38234747024
6.48 8.79774305556
6.5 9.14306640625
6.52 9.52356216755
6.54 9.35388513514
6.56 9.38019448138
6.58 9.26701472356
6.6 9.20138888889
6.62 7.89211107337
6.64 7.3146654212
6.66 8.38700964096
6.68 7.25946841033
6.7 7.30590820312
6.72 8.79536290323
6.74 9.51436360677
6.76 9.32749155405
6.78 8.83680555556
6.8 8.86863425926
6.82 8.97906759511
6.84 9.20150432181
6.86 9.06292459239
6.88 9.30706521739
6.9 8.06692023026
6.92 8.30891927083
6.94 7.71802819293
6.96 8.65637737772
6.98 8.73046875
7.0 9.10847981771
7.02 9.12236752717
7.04 8.9259935462
7.06 9.08745659722
7.08 8.2342918883
7.1 9.07170222356
7.12 8.55509440104
7.14 8.78408003827
7.16 9.45603390957
7.18 9.41587936047
7.2 9.38671875
7.22 9.60611979167
7.24 9.53316066576
7.26 9.54391891892
7.28 9.09423828125
7.3 9.29870605469
7.32 9.12780761719
7.34 9.35695482337
7.36 8.66653154481
7.38 9.21688988095
7.4 9.44269353693
7.42 9.48575647866
7.44 9.38942649148
7.46 9.54760174419
7.48 9.43501790365
7.5 9.79926215278
7.52 9.59777832031
7.54 9.38720703125
7.56 9.72815225291
7.58 9.47577293883
7.6 9.27542892157
7.62 9.37805175781
7.64 9.57961309524
7.66 9.60138494318
7.68 9.68613735465
7.7 9.2950049867
7.72 9.43213929521
7.74 9.85995205966
7.76 9.75523603723
7.78 9.36789772727
7.8 9.56217447917
7.82 9.48153409091
7.84 9.55895712209
7.86 9.36279296875
7.88 9.37181555707
7.9 9.72045898438
7.92 9.80808423913
7.94 9.71452579942
7.96 9.40958658854
7.98 9.375
8.0 9.53427269345
8.02 9.66903023098
8.04 9.36204559949
8.06 9.3614943484
8.08 9.716796875
8.1 9.677734375
8.12 9.75199854651
8.14 9.60720486111
8.16 9.43317819149
8.18 9.46416440217
8.2 9.41343916223
8.22 9.16104403409
8.24 8.15212673611
8.26 9.00027252907
8.28 9.30524553571
8.3 9.4716389974
8.32 9.15120442708
8.34 9.44695723684
8.36 9.45536295573
8.38 9.404296875
8.4 9.59329044118
8.42 9.54182942708
8.44 9.29972330729
8.46 8.49609375
8.48 8.49165482955
8.5 8.79330842391
8.52 9.34392755682
8.54 9.2265625
8.56 8.94019717262
8.58 9.02281416223
8.6 9.26192434211
8.62 8.80228678385
8.64 8.58855551862
8.66 8.89469068878
8.68 9.05018682065
8.7 9.34736143868
8.72 8.86647294207
8.74 7.6348487367
8.76 7.98778044872
8.78 8.59056555707
8.8 8.74438996011
8.82 8.6676181891
8.84 7.99338600852
8.86 9.34694980053
8.88 9.294921875
8.9 8.62559442935
8.92 5.71808510638
8.94 5.86603338068
8.96 8.75953851744
8.98 7.57403706395
9.0 8.06194802989
9.02 9.18108258929
9.04 8.97117820946
9.06 8.89437806373
9.08 8.73209635417
9.1 9.00545987216
9.12 8.94697473404
9.14 8.97795024671
9.16 9.22539893617
9.18 8.46906389509
9.2 8.65256569602
9.22 8.64040798611
9.24 9.02163856908
9.26 6.94071451823
9.28 8.73790922619
9.3 8.46798058712
9.32 9.22539893617
9.34 8.35272606383
9.36 8.9150390625
9.38 8.3781692217
9.4 9.08203125
9.42 9.34694980053
9.44 7.77613863032
9.46 5.89272103659
9.48 7.64690896739
9.5 7.92433215726
9.52 8.11380525915
9.54 8.7225731383
9.56 9.169921875
9.58 9.41136136968
9.6 9.02224170918
9.62 9.07862463663
9.64 7.73666057181
9.66 7.41489955357
9.68 8.35168716755
9.7 7.88149626359
9.72 7.98950195312
9.74 9.06792534722
9.76 9.52019942434
9.78 9.3916459517
9.8 9.17405348558
9.82 8.80004882812
9.84 8.900390625
9.86 8.64514802632
9.88 7.11414425872
9.9 8.04998224432
9.92 8.70064400338
9.94 8.73070693598
9.96 7.86850873162
9.98 8.33129882812
10.0 8.31667877907
10.02 9.02099609375
10.04 8.87409078664
10.06 8.99556477865
10.08 9.30730646307
10.1 8.740234375
10.12 8.80152925532
10.14 8.6191813151
10.16 9.01489257812
10.18 9.26031068314
10.2 9.30121527778
10.22 9.35872395833
10.24 8.51162997159
10.26 9.36247996795
10.28 9.033203125
10.3 9.10196109694
10.32 8.505859375
10.34 8.82646276596
10.36 9.15243459302
10.38 8.78236060049
10.4 8.97281044408
10.42 9.47159476902
10.44 9.64817356419
10.46 9.38212076823
10.48 9.1220703125
10.5 8.89202615489
10.52 9.38585069444
10.54 9.35340294471
10.56 8.359375
10.58 7.82701646959
10.6 7.02365451389
10.62 8.80880152926
10.64 7.8761888587
10.66 8.45788043478
10.68 9.05456542969
10.7 8.97381756757
10.72 8.51236979167
10.74 8.54907746011
10.76 8.34406072443
10.78 9.08099235372
10.8 7.89749710648
10.82 8.36777797965
10.84 4.50673204787
10.86 7.06304505814
10.88 7.81028053977
10.9 8.46252441406
10.92 8.68474786932
10.94 9.01088169643
10.96 9.11812160326
10.98 9.08059512868
11.0 8.62496798156
11.02 9.228515625
11.04 9.15479473039
11.06 9.18523615057
11.08 8.58336103723
11.1 9.50404575893
11.12 9.37840661337
11.14 9.58579458841
11.16 9.43094889323
11.18 9.06778971354
11.2 9.56511801862
11.22 9.32723335598
11.24 9.37101403061
11.26 9.08203125
11.28 9.30346111919
11.3 9.31343410326
11.32 9.02099609375
11.34 9.39031862745
11.36 9.52039930556
11.38 9.73682892628
11.4 9.64926861702
11.42 9.18767755682
11.44 8.28167459239
11.46 8.8503815407
11.48 9.13640802557
11.5 9.15994847074
11.52 9.13484534439
11.54 9.26577919408
11.56 9.63056848404
11.58 9.380859375
11.6 8.89170121173
11.62 9.12661345109
11.64 9.04982546543
11.66 9.20150432181
11.68 9.44980053191
11.7 9.24696180556
11.72 9.51293945312
11.74 9.47719840116
11.76 9.30508700284
11.78 9.07505580357
11.8 8.984375
11.82 9.32942708333
11.84 9.29565429688
11.86 8.98703835227
11.88 8.64363960598
11.9 9.18294270833
11.92 9.48694740854
11.94 9.31490384615
11.96 9.00515292553
11.98 8.78282912234
12.0 9.49503580729
12.02 9.53740658967
12.04 9.32192595109
12.06 8.69422325721
12.08 9.30331615691
12.1 9.67422876603
12.12 9.400390625
12.14 9.3251546224
12.16 9.48776971726
12.18 8.759765625
12.2 9.31555706522
12.22 9.19477982955
12.24 8.24327256944
12.26 8.28993055556
12.28 7.88314494681
12.3 8.51413892663
12.32 7.08618164062
12.34 7.11873372396
12.36 7.25402832031
12.38 7.14345079787
12.4 7.55173703457
12.42 8.75447591146
12.44 9.40077039931
12.46 8.15345501078
12.48 8.55283994932
12.5 8.64089439655
12.52 8.7742017663
12.54 8.96850585938
12.56 7.34315210459
12.58 7.69171463816
12.6 8.15873579545
12.62 9.0546398628
12.64 8.37273848684
12.66 8.93337673611
12.68 9.11865234375
12.7 8.89485677083
12.72 9.05180431548
12.74 9.25362723214
12.76 8.65885416667
12.78 8.92311789773
12.8 8.93654336735
12.82 8.61875952744
12.84 7.32421875
12.86 8.79239169034
12.88 9.56154847756
12.9 9.33639171512
12.92 9.46226728723
12.94 9.38227227394
12.96 9.36075846354
12.98 9.27609174679
13.0 9.60083007812
13.02 8.8695384838
13.04 8.07883522727
13.06 7.27123503989
13.08 8.7080522017
13.1 8.53160511364
13.12 8.76575816761
13.14 8.5625831117
13.16 9.228515625
13.18 9.05230978261
13.2 8.95736369681
13.22 9.02638989826
13.24 9.1796875
13.26 9.31984230324
13.28 9.40987723214
13.3 9.55555050872
13.32 9.20758928571
13.34 9.45366753472
13.36 9.47048611111
13.38 9.68098958333
13.4 9.40185546875
13.42 9.11649816176
13.44 9.29332386364
13.46 9.27097486413
13.48 9.52962239583
13.5 9.25186820652
13.52 8.7158203125
13.54 9.37721946023
13.56 9.29401676829
13.58 9.41569010417
13.6 9.14540392287
13.62 8.94877115885
13.64 9.0830485026
13.66 9.19030230978
13.68 9.19596354167
13.7 8.36356026786
13.72 7.55709134615
13.74 7.80164930556
13.76 7.45615857713
13.78 5.99524456522
13.8 8.47778320312
13.82 7.40908668155
13.84 8.24620863971
13.86 8.96375868056
13.88 8.70564778646
13.9 8.86973505435
13.92 8.88104106105
13.94 9.15256076389
13.96 8.22405133929
13.98 8.66299715909
14.0 8.345703125
14.02 7.70348837209
14.04 7.00954861111
14.06 6.90569196429
14.08 6.89522879464
14.1 5.43405633224
14.12 8.29427083333
14.14 8.94470214844
14.16 7.36369680851
14.18 9.51470269097
14.2 7.93863932292
14.22 7.04082414216
14.24 6.16861979167
14.26 4.76407137784
14.28 6.669921875
14.3 8.84294181034
14.32 4.28244850852
14.34 5.19810267857
14.36 7.03125
14.38 7.39080255682
14.4 7.12585449219
14.42 7.50083111702
14.44 7.58463541667
14.46 7.0546468099
14.48 8.72294108073
14.5 8.02103678385
14.52 7.03837076823
14.54 8.1044514974
14.56 8.71785481771
14.58 9.46312881098
14.6 9.02523118622
14.62 8.20109049479
14.64 8.63861908784
14.66 9.27264873798
14.68 9.41759474734
14.7 9.1485206117
14.72 9.53624636628
14.74 9.23781622024
14.76 8.83280436198
14.78 9.19596354167
14.8 9.27734375
14.82 8.86840820312
14.84 8.99658203125
14.86 9.15479473039
14.88 9.18185763889
14.9 9.7090287642
14.92 9.58283253205
14.94 9.46691176471
14.96 9.59123883929
14.98 9.60251828457
15.0 9.521484375
15.02 9.00268554688
15.04 8.71979469477
15.06 9.12982047872
15.08 9.50590093085
15.1 9.44010416667
15.12 9.228515625
15.14 9.5203218006
15.16 9.35526097074
15.18 9.45638020833
15.2 9.29768880208
15.22 9.12555197011
15.24 8.9708693484
15.26 9.04134114583
15.28 8.6607689951
15.3 8.84195963542
15.32 9.31237262228
15.34 9.37934027778
15.36 9.39410665761
15.38 9.50590093085
15.4 9.5941587936
15.42 9.69344429348
15.44 9.75748697917
15.46 9.2898346657
15.48 9.48721902412
15.5 9.48768028846
15.52 9.43678252551
15.54 9.42758413462
15.56 9.42179361979
15.58 9.62472098214
15.6 9.68355219415
15.62 9.59852430556
15.64 9.30435505319
15.66 9.38435006649
15.68 9.63134765625
15.7 9.44315592448
15.72 9.04563210227
15.74 9.31105840774
15.76 9.29857336957
15.78 9.29300560142
15.8 9.50927734375
15.82 9.49528391768
15.84 9.4345464939
15.86 9.5225016276
15.88 9.46655273438
15.9 9.31884765625
15.92 9.44417317708
15.94 9.23426011029
15.96 9.39019097222
15.98 9.28515625
16.0 9.61186835106
16.02 9.54059103261
16.04 9.47152071221
16.06 9.65494791667
16.08 9.56013997396
16.1 9.52356216755
16.12 9.37151227679
16.14 9.59524601064
16.16 9.37703450521
16.18 9.40276501225
16.2 9.35214428191
16.22 9.20247395833
16.24 9.13318452381
16.26 9.45811170213
16.28 9.2041015625
16.3 9.23665364583
16.32 9.54053925305
16.34 9.42486702128
16.36 9.2333984375
16.38 8.90625
16.4 9.49494735054
16.42 9.52716206395
16.44 9.37825520833
16.46 8.77884265988
16.48 9.46377840909
16.5 9.47846912202
16.52 9.60979055851
16.54 9.36337425595
16.56 9.27734375
16.58 9.16683799342
16.6 8.92842610677
16.62 8.52448219477
16.64 7.95232599432
16.66 8.34620276163
16.68 7.96894929847
16.7 7.91015625
16.72 9.25035978618
16.74 9.21916555851
16.76 9.21921502976
16.78 8.88977050781
16.8 8.6256377551
16.82 8.92302684295
16.84 9.30786132812
16.86 9.27318816489
16.88 8.62283909574
16.9 8.08376736111
16.92 8.98881392045
16.94 9.23447027439
16.96 8.82364908854
16.98 9.05230978261
17.0 9.07084147135
17.02 9.130859375
17.04 9.00944890203
17.06 9.16281960227
17.08 8.76412898936
17.1 9.13192085598
17.12 9.3983968099
17.14 9.36980551862
17.16 9.521484375
17.18 9.74564985795
17.2 9.56271701389
17.22 9.25186820652
17.24 9.265625
17.26 9.12979789402
17.28 9.09906431686
17.3 9.01150173611
17.32 9.09301757812
17.34 9.369140625
17.36 9.56682477679
17.38 9.67906605114
17.4 9.54849567819
17.42 9.4921875
17.44 9.50055803571
17.46 9.62390434451
17.48 9.47469075521
17.5 8.84150752315
17.52 9.01891196646
17.54 9.2677904212
17.56 9.5703125
17.58 9.18079723011
17.6 9.35483186141
17.62 9.75819463315
17.64 9.60618622449
17.66 9.57586115057
17.68 9.39019097222
17.7 9.35770670573
17.72 9.36603156888
17.74 9.41286670918
17.76 9.3137254902
17.78 9.12252286585
17.8 9.39370013298
17.82 9.53877766927
17.84 9.51815518466
17.86 9.67539911685
17.88 9.50070644947
17.9 9.58862304688
17.92 9.33015784439
17.94 9.45012019231
17.96 9.330078125
17.98 9.26449424342
18.0 9.55144708807
18.02 9.28158967391
18.04 9.42064368207
18.06 9.44460605053
18.08 9.54284667969
18.1 9.29926658163
18.12 9.228515625
18.14 9.3027750651
18.16 9.02005709135
18.18 9.32513297872
18.2 9.287109375
18.22 8.96420686141
18.24 9.38642785904
18.26 9.77783203125
18.28 9.38354492188
18.3 8.91825358073
18.32 9.27124023438
18.34 9.27415930707
18.36 9.1083984375
18.38 9.39058344415
18.4 9.52034883721
18.42 9.21471637228
18.44 9.55200195312
18.46 9.19189453125
18.48 9.5957438151
18.5 9.41975911458
18.52 9.49894831731
18.54 9.24987792969
18.56 9.02709960938
18.58 9.150390625
18.6 9.05151367188
18.62 9.41745923913
18.64 9.38123337766
18.66 9.39534505208
18.68 9.31919642857
18.7 9.17460123698
18.72 9.37296549479
18.74 9.2519906851
18.76 9.33136635638
18.78 9.31570870536
18.8 9.1572265625
18.82 8.87504245924
18.84 7.61287913603
18.86 0.553385416667
